#
# There is insufficient memory for the Java Runtime Environment to continue.
# Native memory allocation (malloc) failed to allocate 859216 bytes. Error detail: Chunk::new
# Possible reasons:
#   The system is out of physical RAM or swap space
#   This process is running with CompressedOops enabled, and the Java Heap may be blocking the growth of the native heap
# Possible solutions:
#   Reduce memory load on the system
#   Increase physical memory or swap space
#   Check if swap backing store is full
#   Decrease Java heap size (-Xmx/-Xms)
#   Decrease number of Java threads
#   Decrease Java thread stack sizes (-Xss)
#   Set larger code cache with -XX:ReservedCodeCacheSize=
#   JVM is running with Unscaled Compressed Oops mode in which the Java heap is
#     placed in the first 4GB address space. The Java Heap base address is the
#     maximum limit for the native heap growth. Please use -XX:HeapBaseMinAddress
#     to set the Java Heap base and to place the Java Heap above 4GB virtual address.
# This output file may be truncated or incomplete.
#
#  Out of Memory Error (arena.cpp:168), pid=1980, tid=4032
#
# JRE version: OpenJDK Runtime Environment Temurin-21.0.7+6 (21.0.7+6) (build 21.0.7+6-LTS)
# Java VM: OpenJDK 64-Bit Server VM Temurin-21.0.7+6 (21.0.7+6-LTS, mixed mode, sharing, tiered, compressed oops, compressed class ptrs, parallel gc, windows-amd64)
# No core dump will be written. Minidumps are not enabled by default on client versions of Windows
#

---------------  S U M M A R Y ------------

Command Line: --add-modules=ALL-SYSTEM --add-opens=java.base/java.util=ALL-UNNAMED --add-opens=java.base/java.lang=ALL-UNNAMED --add-opens=java.base/sun.nio.fs=ALL-UNNAMED -Declipse.application=org.eclipse.jdt.ls.core.id1 -Dosgi.bundles.defaultStartLevel=4 -Declipse.product=org.eclipse.jdt.ls.core.product -Djava.import.generatesMetadataFilesAtProjectRoot=false -DDetectVMInstallationsJob.disabled=true -Dfile.encoding=utf8 -XX:+UseParallelGC -XX:GCTimeRatio=4 -XX:AdaptiveSizePolicyWeight=90 -Dsun.zip.disableMemoryMapping=true -Xmx2G -Xms100m -Xlog:disable -javaagent:c:\Users\yashw\.vscode\extensions\redhat.java-1.43.0-win32-x64\lombok\lombok-1.18.39-4050.jar -XX:+HeapDumpOnOutOfMemoryError -XX:HeapDumpPath=c:\Users\yashw\AppData\Roaming\Code\User\workspaceStorage\587402c47306005fa7d2fe3c6892794a\redhat.java -Daether.dependencyCollector.impl=bf c:\Users\yashw\.vscode\extensions\redhat.java-1.43.0-win32-x64\server\plugins\org.eclipse.equinox.launcher_1.7.0.v20250519-0528.jar -configuration c:\Users\yashw\AppData\Roaming\Code\User\globalStorage\redhat.java\1.43.0\config_win -data c:\Users\yashw\AppData\Roaming\Code\User\workspaceStorage\587402c47306005fa7d2fe3c6892794a\redhat.java\jdt_ws --pipe=\\.\pipe\lsp-74ecf69ee04df7a94dce00514901347c-sock

Host: 12th Gen Intel(R) Core(TM) i5-1240P, 16 cores, 15G,  Windows 11 , 64 bit Build 22621 (10.0.22621.5415)
Time: Tue Jul  1 03:15:29 2025 India Standard Time elapsed time: 26.844826 seconds (0d 0h 0m 26s)

---------------  T H R E A D  ---------------

Current thread (0x00000152727b6fd0):  JavaThread "C2 CompilerThread0" daemon [_thread_in_native, id=4032, stack(0x00000004fc400000,0x00000004fc500000) (1024K)]


Current CompileTask:
C2:26844 12581       4       org.eclipse.jdt.internal.compiler.parser.Scanner::internalScanIdentifierOrKeyword (5041 bytes)

Stack: [0x00000004fc400000,0x00000004fc500000]
Native frames: (J=compiled Java code, j=interpreted, Vv=VM code, C=native code)
V  [jvm.dll+0x6ce119]
V  [jvm.dll+0x8a84a1]
V  [jvm.dll+0x8aa9ce]
V  [jvm.dll+0x8ab0b3]
V  [jvm.dll+0x27f8a6]
V  [jvm.dll+0xc507d]
V  [jvm.dll+0xc55b3]
V  [jvm.dll+0x3b68f2]
V  [jvm.dll+0x382aa5]
V  [jvm.dll+0x381f0a]
V  [jvm.dll+0x247af0]
V  [jvm.dll+0x2470cf]
V  [jvm.dll+0x1c760e]
V  [jvm.dll+0x25695a]
V  [jvm.dll+0x254efa]
V  [jvm.dll+0x3f03f6]
V  [jvm.dll+0x851f6b]
V  [jvm.dll+0x6cc7dd]
C  [ucrtbase.dll+0x29333]
C  [KERNEL32.DLL+0x1259d]
C  [ntdll.dll+0x5af78]


---------------  P R O C E S S  ---------------

Threads class SMR info:
_java_thread_list=0x000001527eaacca0, length=69, elements={
0x0000015272824280, 0x00000152728cd9e0, 0x00000152727adc10, 0x00000152727b0030,
0x000001527b5c5780, 0x00000152727b5200, 0x00000152727b6060, 0x00000152727b6fd0,
0x000001527b621ed0, 0x0000015272886e00, 0x000001527ce75110, 0x000001527d2e5b80,
0x000001527d5f37a0, 0x000001527d5b2300, 0x000001527d093820, 0x000001527de019b0,
0x000001527d7c7900, 0x000001527dd96550, 0x000001527dd95830, 0x000001527dd95ec0,
0x000001527dd930d0, 0x000001527dd94480, 0x000001527dd93760, 0x000001527dd94b10,
0x000001527f1b9020, 0x000001527f1b96b0, 0x000001527f1bb0f0, 0x000001527f1bc4a0,
0x000001527f1b5510, 0x000001527f1bb780, 0x000001527f1b6f50, 0x000001527f1b9d40,
0x000001527f1b68c0, 0x000001527f1ba3d0, 0x000001527f1bbe10, 0x000001527f1b75e0,
0x000001527f1b8990, 0x000001527f1b7c70, 0x000001527f1baa60, 0x000001527f1b8300,
0x000001527f1b6230, 0x000001527f1bcb30, 0x000001527f1b5ba0, 0x000001527f28af80,
0x000001527f28f7b0, 0x000001527f28c330, 0x000001527f28dd70, 0x000001527f28d050,
0x000001527f28f120, 0x000001527f2925a0, 0x000001527f2911f0, 0x000001527f291f10,
0x000001527f28e400, 0x000001527f28fe40, 0x000001527f291880, 0x000001527f2904d0,
0x000001527f28b610, 0x000001527db4d280, 0x000001527f28bca0, 0x000001527f28c9c0,
0x000001527f28d6e0, 0x000001527f28ea90, 0x000001527dd951a0, 0x0000015254b8e6e0,
0x0000015254b8d330, 0x0000015254b8e050, 0x0000015254b8d9c0, 0x0000015254b8ed70,
0x0000015254b8c610
}

Java Threads: ( => current thread )
  0x0000015272824280 JavaThread "main"                              [_thread_blocked, id=12100, stack(0x00000004fba00000,0x00000004fbb00000) (1024K)]
  0x00000152728cd9e0 JavaThread "Reference Handler"          daemon [_thread_blocked, id=3288, stack(0x00000004fbe00000,0x00000004fbf00000) (1024K)]
  0x00000152727adc10 JavaThread "Finalizer"                  daemon [_thread_blocked, id=36156, stack(0x00000004fbf00000,0x00000004fc000000) (1024K)]
  0x00000152727b0030 JavaThread "Signal Dispatcher"          daemon [_thread_blocked, id=9136, stack(0x00000004fc000000,0x00000004fc100000) (1024K)]
  0x000001527b5c5780 JavaThread "Attach Listener"            daemon [_thread_blocked, id=12064, stack(0x00000004fc100000,0x00000004fc200000) (1024K)]
  0x00000152727b5200 JavaThread "Service Thread"             daemon [_thread_blocked, id=22116, stack(0x00000004fc200000,0x00000004fc300000) (1024K)]
  0x00000152727b6060 JavaThread "Monitor Deflation Thread"   daemon [_thread_blocked, id=14024, stack(0x00000004fc300000,0x00000004fc400000) (1024K)]
=>0x00000152727b6fd0 JavaThread "C2 CompilerThread0"         daemon [_thread_in_native, id=4032, stack(0x00000004fc400000,0x00000004fc500000) (1024K)]
  0x000001527b621ed0 JavaThread "C1 CompilerThread0"         daemon [_thread_blocked, id=12220, stack(0x00000004fc500000,0x00000004fc600000) (1024K)]
  0x0000015272886e00 JavaThread "Common-Cleaner"             daemon [_thread_blocked, id=20516, stack(0x00000004fc600000,0x00000004fc700000) (1024K)]
  0x000001527ce75110 JavaThread "Notification Thread"        daemon [_thread_blocked, id=32476, stack(0x00000004fc900000,0x00000004fca00000) (1024K)]
  0x000001527d2e5b80 JavaThread "Active Thread: Equinox Container: 76008756-cdbd-47de-98a5-59615e1755a5"        [_thread_blocked, id=22768, stack(0x00000004fd000000,0x00000004fd100000) (1024K)]
  0x000001527d5f37a0 JavaThread "Refresh Thread: Equinox Container: 76008756-cdbd-47de-98a5-59615e1755a5" daemon [_thread_blocked, id=464, stack(0x00000004fd300000,0x00000004fd400000) (1024K)]
  0x000001527d5b2300 JavaThread "Framework Event Dispatcher: Equinox Container: 76008756-cdbd-47de-98a5-59615e1755a5" daemon [_thread_blocked, id=3816, stack(0x00000004fd400000,0x00000004fd500000) (1024K)]
  0x000001527d093820 JavaThread "Start Level: Equinox Container: 76008756-cdbd-47de-98a5-59615e1755a5" daemon [_thread_blocked, id=19788, stack(0x00000004fd500000,0x00000004fd600000) (1024K)]
  0x000001527de019b0 JavaThread "Bundle File Closer"         daemon [_thread_blocked, id=19924, stack(0x00000004fd900000,0x00000004fda00000) (1024K)]
  0x000001527d7c7900 JavaThread "SCR Component Actor"        daemon [_thread_blocked, id=13492, stack(0x00000004fda00000,0x00000004fdb00000) (1024K)]
  0x000001527dd96550 JavaThread "Worker-JM"                         [_thread_blocked, id=1936, stack(0x00000004fdd00000,0x00000004fde00000) (1024K)]
  0x000001527dd95830 JavaThread "Worker-0"                          [_thread_blocked, id=11620, stack(0x00000004fe000000,0x00000004fe100000) (1024K)]
  0x000001527dd95ec0 JavaThread "Worker-1"                          [_thread_blocked, id=31648, stack(0x00000004fe100000,0x00000004fe200000) (1024K)]
  0x000001527dd930d0 JavaThread "Java indexing"              daemon [_thread_blocked, id=29784, stack(0x00000004fe200000,0x00000004fe300000) (1024K)]
  0x000001527dd94480 JavaThread "Worker-2: Initialize workspace"        [_thread_in_Java, id=25336, stack(0x00000004fe300000,0x00000004fe400000) (1024K)]
  0x000001527dd93760 JavaThread "Worker-3"                          [_thread_blocked, id=28552, stack(0x00000004fe400000,0x00000004fe500000) (1024K)]
  0x000001527dd94b10 JavaThread "JNA Cleaner"                daemon [_thread_blocked, id=7832, stack(0x00000004fe500000,0x00000004fe600000) (1024K)]
  0x000001527f1b9020 JavaThread "Worker-4"                          [_thread_blocked, id=30376, stack(0x00000004fe600000,0x00000004fe700000) (1024K)]
  0x000001527f1b96b0 JavaThread "Worker-5"                          [_thread_blocked, id=19656, stack(0x00000004fe700000,0x00000004fe800000) (1024K)]
  0x000001527f1bb0f0 JavaThread "Thread-2"                   daemon [_thread_in_native, id=36584, stack(0x00000004fe800000,0x00000004fe900000) (1024K)]
  0x000001527f1bc4a0 JavaThread "Thread-3"                   daemon [_thread_in_native, id=3124, stack(0x00000004fe900000,0x00000004fea00000) (1024K)]
  0x000001527f1b5510 JavaThread "Thread-4"                   daemon [_thread_in_native, id=28864, stack(0x00000004fea00000,0x00000004feb00000) (1024K)]
  0x000001527f1bb780 JavaThread "Thread-5"                   daemon [_thread_in_native, id=10092, stack(0x00000004feb00000,0x00000004fec00000) (1024K)]
  0x000001527f1b6f50 JavaThread "Thread-6"                   daemon [_thread_in_native, id=33116, stack(0x00000004fec00000,0x00000004fed00000) (1024K)]
  0x000001527f1b9d40 JavaThread "Thread-7"                   daemon [_thread_in_native, id=16952, stack(0x00000004fed00000,0x00000004fee00000) (1024K)]
  0x000001527f1b68c0 JavaThread "Thread-8"                   daemon [_thread_in_native, id=17280, stack(0x00000004fee00000,0x00000004fef00000) (1024K)]
  0x000001527f1ba3d0 JavaThread "Thread-9"                   daemon [_thread_in_native, id=32600, stack(0x00000004fef00000,0x00000004ff000000) (1024K)]
  0x000001527f1bbe10 JavaThread "Thread-10"                  daemon [_thread_in_native, id=27404, stack(0x00000004ff000000,0x00000004ff100000) (1024K)]
  0x000001527f1b75e0 JavaThread "Thread-11"                  daemon [_thread_in_native, id=33336, stack(0x00000004ff100000,0x00000004ff200000) (1024K)]
  0x000001527f1b8990 JavaThread "Thread-12"                  daemon [_thread_in_native, id=35136, stack(0x00000004ff200000,0x00000004ff300000) (1024K)]
  0x000001527f1b7c70 JavaThread "Thread-13"                  daemon [_thread_in_native, id=18148, stack(0x00000004ff300000,0x00000004ff400000) (1024K)]
  0x000001527f1baa60 JavaThread "Thread-14"                  daemon [_thread_in_native, id=11460, stack(0x00000004ff400000,0x00000004ff500000) (1024K)]
  0x000001527f1b8300 JavaThread "Thread-15"                  daemon [_thread_in_native, id=29284, stack(0x00000004ff500000,0x00000004ff600000) (1024K)]
  0x000001527f1b6230 JavaThread "Thread-16"                  daemon [_thread_in_native, id=26256, stack(0x00000004ff600000,0x00000004ff700000) (1024K)]
  0x000001527f1bcb30 JavaThread "Thread-17"                  daemon [_thread_in_native, id=21236, stack(0x00000004ff700000,0x00000004ff800000) (1024K)]
  0x000001527f1b5ba0 JavaThread "Thread-18"                  daemon [_thread_in_native, id=23844, stack(0x00000004ff800000,0x00000004ff900000) (1024K)]
  0x000001527f28af80 JavaThread "pool-2-thread-1"                   [_thread_blocked, id=33672, stack(0x00000004ff900000,0x00000004ffa00000) (1024K)]
  0x000001527f28f7b0 JavaThread "WorkspaceEventsHandler"            [_thread_blocked, id=4412, stack(0x00000004ffa00000,0x00000004ffb00000) (1024K)]
  0x000001527f28c330 JavaThread "pool-1-thread-1"                   [_thread_blocked, id=14932, stack(0x00000004ffb00000,0x00000004ffc00000) (1024K)]
  0x000001527f28dd70 JavaThread "LocalFile Deleter"          daemon [_thread_blocked, id=24108, stack(0x0000000480000000,0x0000000480100000) (1024K)]
  0x000001527f28d050 JavaThread "LocalFile Deleter"          daemon [_thread_blocked, id=30760, stack(0x0000000480100000,0x0000000480200000) (1024K)]
  0x000001527f28f120 JavaThread "LocalFile Deleter"          daemon [_thread_blocked, id=18736, stack(0x0000000480200000,0x0000000480300000) (1024K)]
  0x000001527f2925a0 JavaThread "Compiler Source File Reader" daemon [_thread_blocked, id=30404, stack(0x0000000480300000,0x0000000480400000) (1024K)]
  0x000001527f2911f0 JavaThread "Compiler Processing Task"   daemon [_thread_blocked, id=34352, stack(0x0000000480400000,0x0000000480500000) (1024K)]
  0x000001527f291f10 JavaThread "Compiler Class File Writer" daemon [_thread_blocked, id=30160, stack(0x0000000480500000,0x0000000480600000) (1024K)]
  0x000001527f28e400 JavaThread "LocalFile Deleter"          daemon [_thread_blocked, id=36816, stack(0x0000000480600000,0x0000000480700000) (1024K)]
  0x000001527f28fe40 JavaThread "Compiler Source File Reader" daemon [_thread_blocked, id=18896, stack(0x0000000480700000,0x0000000480800000) (1024K)]
  0x000001527f291880 JavaThread "Compiler Class File Writer" daemon [_thread_blocked, id=34628, stack(0x0000000480800000,0x0000000480900000) (1024K)]
  0x000001527f2904d0 JavaThread "Worker-6"                          [_thread_blocked, id=16112, stack(0x0000000480900000,0x0000000480a00000) (1024K)]
  0x000001527f28b610 JavaThread "ForkJoinPool.commonPool-worker-1" daemon [_thread_blocked, id=34324, stack(0x0000000480a00000,0x0000000480b00000) (1024K)]
  0x000001527db4d280 JavaThread "C1 CompilerThread1"         daemon [_thread_blocked, id=35976, stack(0x0000000480b00000,0x0000000480c00000) (1024K)]
  0x000001527f28bca0 JavaThread "ForkJoinPool.commonPool-worker-2" daemon [_thread_blocked, id=24104, stack(0x0000000480c00000,0x0000000480d00000) (1024K)]
  0x000001527f28c9c0 JavaThread "ForkJoinPool.commonPool-worker-3" daemon [_thread_blocked, id=17960, stack(0x0000000480d00000,0x0000000480e00000) (1024K)]
  0x000001527f28d6e0 JavaThread "ForkJoinPool.commonPool-worker-4" daemon [_thread_in_Java, id=30520, stack(0x0000000480e00000,0x0000000480f00000) (1024K)]
  0x000001527f28ea90 JavaThread "SCR Component Registry"     daemon [_thread_blocked, id=34300, stack(0x0000000480f00000,0x0000000481000000) (1024K)]
  0x000001527dd951a0 JavaThread "ForkJoinPool.commonPool-worker-5" daemon [_thread_blocked, id=13480, stack(0x0000000481000000,0x0000000481100000) (1024K)]
  0x0000015254b8e6e0 JavaThread "ForkJoinPool.commonPool-worker-6" daemon [_thread_blocked, id=2476, stack(0x0000000481100000,0x0000000481200000) (1024K)]
  0x0000015254b8d330 JavaThread "ForkJoinPool.commonPool-worker-7" daemon [_thread_blocked, id=14992, stack(0x0000000481200000,0x0000000481300000) (1024K)]
  0x0000015254b8e050 JavaThread "ForkJoinPool.commonPool-worker-8" daemon [_thread_in_native, id=13532, stack(0x0000000481300000,0x0000000481400000) (1024K)]
  0x0000015254b8d9c0 JavaThread "ForkJoinPool.commonPool-worker-9" daemon [_thread_blocked, id=10328, stack(0x0000000481400000,0x0000000481500000) (1024K)]
  0x0000015254b8ed70 JavaThread "ForkJoinPool.commonPool-worker-10" daemon [_thread_in_Java, id=29388, stack(0x0000000481500000,0x0000000481600000) (1024K)]
  0x0000015254b8c610 JavaThread "ForkJoinPool.commonPool-worker-11" daemon [_thread_blocked, id=32396, stack(0x0000000481600000,0x0000000481700000) (1024K)]
Total: 69

Other Threads:
  0x000001527b5a4920 VMThread "VM Thread"                           [id=33916, stack(0x00000004fbd00000,0x00000004fbe00000) (1024K)]
  0x000001527269ca00 WatcherThread "VM Periodic Task Thread"        [id=31656, stack(0x00000004fbc00000,0x00000004fbd00000) (1024K)]
  0x00000152728395d0 WorkerThread "GC Thread#0"                     [id=22160, stack(0x00000004fbb00000,0x00000004fbc00000) (1024K)]
  0x000001527d1bbfc0 WorkerThread "GC Thread#1"                     [id=32380, stack(0x00000004fca00000,0x00000004fcb00000) (1024K)]
  0x000001527d51b490 WorkerThread "GC Thread#2"                     [id=11456, stack(0x00000004fcb00000,0x00000004fcc00000) (1024K)]
  0x000001527d1ee8d0 WorkerThread "GC Thread#3"                     [id=13472, stack(0x00000004fcc00000,0x00000004fcd00000) (1024K)]
  0x000001527d1eec70 WorkerThread "GC Thread#4"                     [id=33092, stack(0x00000004fcd00000,0x00000004fce00000) (1024K)]
  0x000001527d1ef010 WorkerThread "GC Thread#5"                     [id=16048, stack(0x00000004fce00000,0x00000004fcf00000) (1024K)]
  0x000001527d1ef3b0 WorkerThread "GC Thread#6"                     [id=11128, stack(0x00000004fcf00000,0x00000004fd000000) (1024K)]
  0x000001527d49cdf0 WorkerThread "GC Thread#7"                     [id=19164, stack(0x00000004fd200000,0x00000004fd300000) (1024K)]
  0x000001527dcd4be0 WorkerThread "GC Thread#8"                     [id=2400, stack(0x00000004fd600000,0x00000004fd700000) (1024K)]
  0x000001527dcd4f80 WorkerThread "GC Thread#9"                     [id=12284, stack(0x00000004fd700000,0x00000004fd800000) (1024K)]
  0x000001527daa1670 WorkerThread "GC Thread#10"                    [id=29744, stack(0x00000004fd800000,0x00000004fd900000) (1024K)]
  0x000001527daa2fd0 WorkerThread "GC Thread#11"                    [id=23244, stack(0x00000004fdc00000,0x00000004fdd00000) (1024K)]
  0x000001527daa2c30 WorkerThread "GC Thread#12"                    [id=11612, stack(0x00000004fdf00000,0x00000004fe000000) (1024K)]
Total: 15

Threads with active compile tasks:
C2 CompilerThread0  26873 12581       4       org.eclipse.jdt.internal.compiler.parser.Scanner::internalScanIdentifierOrKeyword (5041 bytes)
Total: 1

VM state: not at safepoint (normal execution)

VM Mutex/Monitor currently owned by a thread: None

Heap address: 0x0000000080000000, size: 2048 MB, Compressed Oops mode: 32-bit

CDS archive(s) mapped at: [0x000001520f000000-0x000001520fba0000-0x000001520fba0000), size 12189696, SharedBaseAddress: 0x000001520f000000, ArchiveRelocationMode: 1.
Compressed class space mapped at: 0x0000015210000000-0x0000015250000000, reserved size: 1073741824
Narrow klass base: 0x000001520f000000, Narrow klass shift: 0, Narrow klass range: 0x100000000

GC Precious Log:
 CardTable entry size: 512
 CPUs: 16 total, 16 available
 Memory: 16052M
 Large Page Support: Disabled
 NUMA Support: Disabled
 Compressed Oops: Enabled (32-bit)
 Alignments: Space 512K, Generation 512K, Heap 2M
 Heap Min Capacity: 100M
 Heap Initial Capacity: 100M
 Heap Max Capacity: 2G
 Pre-touch: Disabled
 Parallel Workers: 13

Heap:
 PSYoungGen      total 11776K, used 3155K [0x00000000d5580000, 0x00000000d6580000, 0x0000000100000000)
  eden space 10752K, 24% used [0x00000000d5580000,0x00000000d581cd18,0x00000000d6000000)
  from space 1024K, 46% used [0x00000000d6400000,0x00000000d6478000,0x00000000d6500000)
  to   space 512K, 0% used [0x00000000d6500000,0x00000000d6500000,0x00000000d6580000)
 ParOldGen       total 760320K, used 760075K [0x0000000080000000, 0x00000000ae680000, 0x00000000d5580000)
  object space 760320K, 99% used [0x0000000080000000,0x00000000ae642e58,0x00000000ae680000)
 Metaspace       used 69998K, committed 71616K, reserved 1114112K
  class space    used 7344K, committed 8064K, reserved 1048576K

Card table byte_map: [0x00000152721b0000,0x00000152725c0000] _byte_map_base: 0x0000015271db0000

Marking Bits: (ParMarkBitMap*) 0x00007ffc123f31f0
 Begin Bits: [0x0000015275cb0000, 0x0000015277cb0000)
 End Bits:   [0x0000015277cb0000, 0x0000015279cb0000)

Polling page: 0x0000015270620000

Metaspace:

Usage:
  Non-class:     61.19 MB used.
      Class:      7.17 MB used.
       Both:     68.36 MB used.

Virtual space:
  Non-class space:       64.00 MB reserved,      62.06 MB ( 97%) committed,  1 nodes.
      Class space:        1.00 GB reserved,       7.88 MB ( <1%) committed,  1 nodes.
             Both:        1.06 GB reserved,      69.94 MB (  6%) committed. 

Chunk freelists:
   Non-Class:  1.58 MB
       Class:  7.95 MB
        Both:  9.53 MB

MaxMetaspaceSize: unlimited
CompressedClassSpaceSize: 1.00 GB
Initial GC threshold: 21.00 MB
Current GC threshold: 97.31 MB
CDS: on
 - commit_granule_bytes: 65536.
 - commit_granule_words: 8192.
 - virtual_space_node_default_size: 8388608.
 - enlarge_chunks_in_place: 1.
 - use_allocation_guard: 0.


Internal statistics:

num_allocs_failed_limit: 9.
num_arena_births: 1260.
num_arena_deaths: 34.
num_vsnodes_births: 2.
num_vsnodes_deaths: 0.
num_space_committed: 1119.
num_space_uncommitted: 0.
num_chunks_returned_to_freelist: 52.
num_chunks_taken_from_freelist: 4460.
num_chunk_merges: 20.
num_chunk_splits: 2696.
num_chunks_enlarged: 1497.
num_inconsistent_stats: 0.

CodeHeap 'non-profiled nmethods': size=119168Kb used=8892Kb max_used=8892Kb free=110275Kb
 bounds [0x0000015207ba0000, 0x0000015208450000, 0x000001520f000000]
CodeHeap 'profiled nmethods': size=119104Kb used=26740Kb max_used=26740Kb free=92363Kb
 bounds [0x0000015200000000, 0x0000015201a20000, 0x0000015207450000]
CodeHeap 'non-nmethods': size=7488Kb used=2047Kb max_used=3254Kb free=5440Kb
 bounds [0x0000015207450000, 0x0000015207790000, 0x0000015207ba0000]
 total_blobs=12565 nmethods=11761 adapters=709
 compilation: enabled
              stopped_count=0, restarted_count=0
 full_count=0

Compilation events (20 events):
Event: 26.746 Thread 0x000001527db4d280 12585  s    2       org.eclipse.jdt.internal.core.JavaModelManager::getExistingElement (9 bytes)
Event: 26.746 Thread 0x000001527b621ed0 12586       2       org.eclipse.jdt.internal.core.JavaModelCache::getExistingElement (101 bytes)
Event: 26.747 Thread 0x000001527db4d280 nmethod 12585 0x0000015201a15490 code [0x0000015201a15640, 0x0000015201a15838]
Event: 26.747 Thread 0x000001527db4d280 12587       2       org.eclipse.jdt.internal.core.util.LRUCache::getKey (23 bytes)
Event: 26.747 Thread 0x000001527db4d280 nmethod 12587 0x0000015201a15910 code [0x0000015201a15ac0, 0x0000015201a15c80]
Event: 26.747 Thread 0x000001527db4d280 12588       2       org.eclipse.jdt.internal.core.util.HashSetOfArray::<init> (7 bytes)
Event: 26.747 Thread 0x000001527b621ed0 nmethod 12586 0x0000015201a15d90 code [0x0000015201a15fe0, 0x0000015201a16688]
Event: 26.747 Thread 0x000001527db4d280 nmethod 12588 0x0000015201a16990 code [0x0000015201a16b40, 0x0000015201a16c68]
Event: 26.764 Thread 0x00000152727b6fd0 nmethod 12549 0x000001520844aa90 code [0x000001520844ade0, 0x000001520844c258]
Event: 26.765 Thread 0x00000152727b6fd0 12546       4       org.eclipse.jdt.internal.core.util.WeakHashSet::cleanupGarbageCollectedValues (144 bytes)
Event: 26.782 Thread 0x000001527b621ed0 12590   !   2       org.eclipse.jdt.internal.core.JarPackageFragmentRoot::computeChildren (605 bytes)
Event: 26.786 Thread 0x00000152727b6fd0 nmethod 12546 0x000001520844d090 code [0x000001520844d340, 0x000001520844dd40]
Event: 26.787 Thread 0x00000152727b6fd0 12568       4       java.util.HashMap::putVal (300 bytes)
Event: 26.788 Thread 0x000001527b621ed0 nmethod 12590 0x0000015201a16d10 code [0x0000015201a17280, 0x0000015201a190c0]
Event: 26.799 Thread 0x00000152727b6fd0 nmethod 12568 0x000001520844e590 code [0x000001520844e7a0, 0x000001520844eda8]
Event: 26.799 Thread 0x00000152727b6fd0 12581       4       org.eclipse.jdt.internal.compiler.parser.Scanner::internalScanIdentifierOrKeyword (5041 bytes)
Event: 26.822 Thread 0x000001527b621ed0 12591       3       org.eclipse.jdt.internal.core.util.WeakHashSet::cleanupGarbageCollectedValues (144 bytes)
Event: 26.823 Thread 0x000001527db4d280 12592       3       org.eclipse.jdt.internal.core.util.WeakHashSet::add (105 bytes)
Event: 26.823 Thread 0x000001527b621ed0 nmethod 12591 0x0000015201a1b390 code [0x0000015201a1b5a0, 0x0000015201a1be80]
Event: 26.823 Thread 0x000001527db4d280 nmethod 12592 0x0000015201a1c190 code [0x0000015201a1c3e0, 0x0000015201a1ce78]

GC Heap History (20 events):
Event: 26.643 GC heap before
{Heap before GC invocations=1435 (full 3):
 PSYoungGen      total 12288K, used 11440K [0x00000000d5580000, 0x00000000d6780000, 0x0000000100000000)
  eden space 10752K, 100% used [0x00000000d5580000,0x00000000d6000000,0x00000000d6000000)
  from space 1536K, 44% used [0x00000000d6500000,0x00000000d65ac1b8,0x00000000d6680000)
  to   space 1024K, 0% used [0x00000000d6680000,0x00000000d6680000,0x00000000d6780000)
 ParOldGen       total 755712K, used 755506K [0x0000000080000000, 0x00000000ae200000, 0x00000000d5580000)
  object space 755712K, 99% used [0x0000000080000000,0x00000000ae1ccb00,0x00000000ae200000)
 Metaspace       used 69984K, committed 71616K, reserved 1114112K
  class space    used 7344K, committed 8064K, reserved 1048576K
}
Event: 26.645 GC heap after
{Heap after GC invocations=1435 (full 3):
 PSYoungGen      total 11264K, used 416K [0x00000000d5580000, 0x00000000d6700000, 0x0000000100000000)
  eden space 10752K, 0% used [0x00000000d5580000,0x00000000d5580000,0x00000000d6000000)
  from space 512K, 81% used [0x00000000d6680000,0x00000000d66e8000,0x00000000d6700000)
  to   space 1024K, 0% used [0x00000000d6500000,0x00000000d6500000,0x00000000d6600000)
 ParOldGen       total 756224K, used 755835K [0x0000000080000000, 0x00000000ae280000, 0x00000000d5580000)
  object space 756224K, 99% used [0x0000000080000000,0x00000000ae21efc8,0x00000000ae280000)
 Metaspace       used 69984K, committed 71616K, reserved 1114112K
  class space    used 7344K, committed 8064K, reserved 1048576K
}
Event: 26.672 GC heap before
{Heap before GC invocations=1436 (full 3):
 PSYoungGen      total 11264K, used 11168K [0x00000000d5580000, 0x00000000d6700000, 0x0000000100000000)
  eden space 10752K, 100% used [0x00000000d5580000,0x00000000d6000000,0x00000000d6000000)
  from space 512K, 81% used [0x00000000d6680000,0x00000000d66e8000,0x00000000d6700000)
  to   space 1024K, 0% used [0x00000000d6500000,0x00000000d6500000,0x00000000d6600000)
 ParOldGen       total 756224K, used 755835K [0x0000000080000000, 0x00000000ae280000, 0x00000000d5580000)
  object space 756224K, 99% used [0x0000000080000000,0x00000000ae21efc8,0x00000000ae280000)
 Metaspace       used 69984K, committed 71616K, reserved 1114112K
  class space    used 7344K, committed 8064K, reserved 1048576K
}
Event: 26.674 GC heap after
{Heap after GC invocations=1436 (full 3):
 PSYoungGen      total 11776K, used 696K [0x00000000d5580000, 0x00000000d6700000, 0x0000000100000000)
  eden space 10752K, 0% used [0x00000000d5580000,0x00000000d5580000,0x00000000d6000000)
  from space 1024K, 68% used [0x00000000d6500000,0x00000000d65ae1f0,0x00000000d6600000)
  to   space 1024K, 0% used [0x00000000d6600000,0x00000000d6600000,0x00000000d6700000)
 ParOldGen       total 756224K, used 755971K [0x0000000080000000, 0x00000000ae280000, 0x00000000d5580000)
  object space 756224K, 99% used [0x0000000080000000,0x00000000ae240fc8,0x00000000ae280000)
 Metaspace       used 69984K, committed 71616K, reserved 1114112K
  class space    used 7344K, committed 8064K, reserved 1048576K
}
Event: 26.687 GC heap before
{Heap before GC invocations=1437 (full 3):
 PSYoungGen      total 11776K, used 11448K [0x00000000d5580000, 0x00000000d6700000, 0x0000000100000000)
  eden space 10752K, 100% used [0x00000000d5580000,0x00000000d6000000,0x00000000d6000000)
  from space 1024K, 68% used [0x00000000d6500000,0x00000000d65ae1f0,0x00000000d6600000)
  to   space 1024K, 0% used [0x00000000d6600000,0x00000000d6600000,0x00000000d6700000)
 ParOldGen       total 756224K, used 755971K [0x0000000080000000, 0x00000000ae280000, 0x00000000d5580000)
  object space 756224K, 99% used [0x0000000080000000,0x00000000ae240fc8,0x00000000ae280000)
 Metaspace       used 69984K, committed 71616K, reserved 1114112K
  class space    used 7344K, committed 8064K, reserved 1048576K
}
Event: 26.689 GC heap after
{Heap after GC invocations=1437 (full 3):
 PSYoungGen      total 11264K, used 416K [0x00000000d5580000, 0x00000000d6680000, 0x0000000100000000)
  eden space 10752K, 0% used [0x00000000d5580000,0x00000000d5580000,0x00000000d6000000)
  from space 512K, 81% used [0x00000000d6600000,0x00000000d6668000,0x00000000d6680000)
  to   space 1024K, 0% used [0x00000000d6480000,0x00000000d6480000,0x00000000d6580000)
 ParOldGen       total 756736K, used 756447K [0x0000000080000000, 0x00000000ae300000, 0x00000000d5580000)
  object space 756736K, 99% used [0x0000000080000000,0x00000000ae2b7d28,0x00000000ae300000)
 Metaspace       used 69984K, committed 71616K, reserved 1114112K
  class space    used 7344K, committed 8064K, reserved 1048576K
}
Event: 26.705 GC heap before
{Heap before GC invocations=1438 (full 3):
 PSYoungGen      total 11264K, used 11168K [0x00000000d5580000, 0x00000000d6680000, 0x0000000100000000)
  eden space 10752K, 100% used [0x00000000d5580000,0x00000000d6000000,0x00000000d6000000)
  from space 512K, 81% used [0x00000000d6600000,0x00000000d6668000,0x00000000d6680000)
  to   space 1024K, 0% used [0x00000000d6480000,0x00000000d6480000,0x00000000d6580000)
 ParOldGen       total 756736K, used 756447K [0x0000000080000000, 0x00000000ae300000, 0x00000000d5580000)
  object space 756736K, 99% used [0x0000000080000000,0x00000000ae2b7d28,0x00000000ae300000)
 Metaspace       used 69984K, committed 71616K, reserved 1114112K
  class space    used 7344K, committed 8064K, reserved 1048576K
}
Event: 26.707 GC heap after
{Heap after GC invocations=1438 (full 3):
 PSYoungGen      total 11776K, used 416K [0x00000000d5580000, 0x00000000d6680000, 0x0000000100000000)
  eden space 10752K, 0% used [0x00000000d5580000,0x00000000d5580000,0x00000000d6000000)
  from space 1024K, 40% used [0x00000000d6480000,0x00000000d64e8000,0x00000000d6580000)
  to   space 512K, 0% used [0x00000000d6600000,0x00000000d6600000,0x00000000d6680000)
 ParOldGen       total 756736K, used 756655K [0x0000000080000000, 0x00000000ae300000, 0x00000000d5580000)
  object space 756736K, 99% used [0x0000000080000000,0x00000000ae2ebd28,0x00000000ae300000)
 Metaspace       used 69984K, committed 71616K, reserved 1114112K
  class space    used 7344K, committed 8064K, reserved 1048576K
}
Event: 26.736 GC heap before
{Heap before GC invocations=1439 (full 3):
 PSYoungGen      total 11776K, used 11168K [0x00000000d5580000, 0x00000000d6680000, 0x0000000100000000)
  eden space 10752K, 100% used [0x00000000d5580000,0x00000000d6000000,0x00000000d6000000)
  from space 1024K, 40% used [0x00000000d6480000,0x00000000d64e8000,0x00000000d6580000)
  to   space 512K, 0% used [0x00000000d6600000,0x00000000d6600000,0x00000000d6680000)
 ParOldGen       total 756736K, used 756655K [0x0000000080000000, 0x00000000ae300000, 0x00000000d5580000)
  object space 756736K, 99% used [0x0000000080000000,0x00000000ae2ebd28,0x00000000ae300000)
 Metaspace       used 69987K, committed 71616K, reserved 1114112K
  class space    used 7344K, committed 8064K, reserved 1048576K
}
Event: 26.738 GC heap after
{Heap after GC invocations=1439 (full 3):
 PSYoungGen      total 11264K, used 482K [0x00000000d5580000, 0x00000000d6680000, 0x0000000100000000)
  eden space 10752K, 0% used [0x00000000d5580000,0x00000000d5580000,0x00000000d6000000)
  from space 512K, 94% used [0x00000000d6600000,0x00000000d6678940,0x00000000d6680000)
  to   space 1024K, 0% used [0x00000000d6480000,0x00000000d6480000,0x00000000d6580000)
 ParOldGen       total 757248K, used 756967K [0x0000000080000000, 0x00000000ae380000, 0x00000000d5580000)
  object space 757248K, 99% used [0x0000000080000000,0x00000000ae339d28,0x00000000ae380000)
 Metaspace       used 69987K, committed 71616K, reserved 1114112K
  class space    used 7344K, committed 8064K, reserved 1048576K
}
Event: 26.753 GC heap before
{Heap before GC invocations=1440 (full 3):
 PSYoungGen      total 11264K, used 11234K [0x00000000d5580000, 0x00000000d6680000, 0x0000000100000000)
  eden space 10752K, 100% used [0x00000000d5580000,0x00000000d6000000,0x00000000d6000000)
  from space 512K, 94% used [0x00000000d6600000,0x00000000d6678940,0x00000000d6680000)
  to   space 1024K, 0% used [0x00000000d6480000,0x00000000d6480000,0x00000000d6580000)
 ParOldGen       total 757248K, used 756967K [0x0000000080000000, 0x00000000ae380000, 0x00000000d5580000)
  object space 757248K, 99% used [0x0000000080000000,0x00000000ae339d28,0x00000000ae380000)
 Metaspace       used 69989K, committed 71616K, reserved 1114112K
  class space    used 7344K, committed 8064K, reserved 1048576K
}
Event: 26.756 GC heap after
{Heap after GC invocations=1440 (full 3):
 PSYoungGen      total 11776K, used 625K [0x00000000d5580000, 0x00000000d6680000, 0x0000000100000000)
  eden space 10752K, 0% used [0x00000000d5580000,0x00000000d5580000,0x00000000d6000000)
  from space 1024K, 61% used [0x00000000d6480000,0x00000000d651c728,0x00000000d6580000)
  to   space 1024K, 0% used [0x00000000d6580000,0x00000000d6580000,0x00000000d6680000)
 ParOldGen       total 757760K, used 757318K [0x0000000080000000, 0x00000000ae400000, 0x00000000d5580000)
  object space 757760K, 99% used [0x0000000080000000,0x00000000ae391830,0x00000000ae400000)
 Metaspace       used 69989K, committed 71616K, reserved 1114112K
  class space    used 7344K, committed 8064K, reserved 1048576K
}
Event: 26.775 GC heap before
{Heap before GC invocations=1441 (full 3):
 PSYoungGen      total 11776K, used 11377K [0x00000000d5580000, 0x00000000d6680000, 0x0000000100000000)
  eden space 10752K, 100% used [0x00000000d5580000,0x00000000d6000000,0x00000000d6000000)
  from space 1024K, 61% used [0x00000000d6480000,0x00000000d651c728,0x00000000d6580000)
  to   space 1024K, 0% used [0x00000000d6580000,0x00000000d6580000,0x00000000d6680000)
 ParOldGen       total 757760K, used 757318K [0x0000000080000000, 0x00000000ae400000, 0x00000000d5580000)
  object space 757760K, 99% used [0x0000000080000000,0x00000000ae391830,0x00000000ae400000)
 Metaspace       used 69989K, committed 71616K, reserved 1114112K
  class space    used 7344K, committed 8064K, reserved 1048576K
}
Event: 26.777 GC heap after
{Heap after GC invocations=1441 (full 3):
 PSYoungGen      total 11264K, used 320K [0x00000000d5580000, 0x00000000d6600000, 0x0000000100000000)
  eden space 10752K, 0% used [0x00000000d5580000,0x00000000d5580000,0x00000000d6000000)
  from space 512K, 62% used [0x00000000d6580000,0x00000000d65d0000,0x00000000d6600000)
  to   space 512K, 0% used [0x00000000d6500000,0x00000000d6500000,0x00000000d6580000)
 ParOldGen       total 757760K, used 757640K [0x0000000080000000, 0x00000000ae400000, 0x00000000d5580000)
  object space 757760K, 99% used [0x0000000080000000,0x00000000ae3e2160,0x00000000ae400000)
 Metaspace       used 69989K, committed 71616K, reserved 1114112K
  class space    used 7344K, committed 8064K, reserved 1048576K
}
Event: 26.796 GC heap before
{Heap before GC invocations=1442 (full 3):
 PSYoungGen      total 11264K, used 11072K [0x00000000d5580000, 0x00000000d6600000, 0x0000000100000000)
  eden space 10752K, 100% used [0x00000000d5580000,0x00000000d6000000,0x00000000d6000000)
  from space 512K, 62% used [0x00000000d6580000,0x00000000d65d0000,0x00000000d6600000)
  to   space 512K, 0% used [0x00000000d6500000,0x00000000d6500000,0x00000000d6580000)
 ParOldGen       total 757760K, used 757640K [0x0000000080000000, 0x00000000ae400000, 0x00000000d5580000)
  object space 757760K, 99% used [0x0000000080000000,0x00000000ae3e2160,0x00000000ae400000)
 Metaspace       used 69998K, committed 71616K, reserved 1114112K
  class space    used 7344K, committed 8064K, reserved 1048576K
}
Event: 26.798 GC heap after
{Heap after GC invocations=1442 (full 3):
 PSYoungGen      total 11264K, used 487K [0x00000000d5580000, 0x00000000d6600000, 0x0000000100000000)
  eden space 10752K, 0% used [0x00000000d5580000,0x00000000d5580000,0x00000000d6000000)
  from space 512K, 95% used [0x00000000d6500000,0x00000000d6579c68,0x00000000d6580000)
  to   space 512K, 0% used [0x00000000d6580000,0x00000000d6580000,0x00000000d6600000)
 ParOldGen       total 758784K, used 758632K [0x0000000080000000, 0x00000000ae500000, 0x00000000d5580000)
  object space 758784K, 99% used [0x0000000080000000,0x00000000ae4da268,0x00000000ae500000)
 Metaspace       used 69998K, committed 71616K, reserved 1114112K
  class space    used 7344K, committed 8064K, reserved 1048576K
}
Event: 26.817 GC heap before
{Heap before GC invocations=1443 (full 3):
 PSYoungGen      total 11264K, used 11239K [0x00000000d5580000, 0x00000000d6600000, 0x0000000100000000)
  eden space 10752K, 100% used [0x00000000d5580000,0x00000000d6000000,0x00000000d6000000)
  from space 512K, 95% used [0x00000000d6500000,0x00000000d6579c68,0x00000000d6580000)
  to   space 512K, 0% used [0x00000000d6580000,0x00000000d6580000,0x00000000d6600000)
 ParOldGen       total 758784K, used 758632K [0x0000000080000000, 0x00000000ae500000, 0x00000000d5580000)
  object space 758784K, 99% used [0x0000000080000000,0x00000000ae4da268,0x00000000ae500000)
 Metaspace       used 69998K, committed 71616K, reserved 1114112K
  class space    used 7344K, committed 8064K, reserved 1048576K
}
Event: 26.819 GC heap after
{Heap after GC invocations=1443 (full 3):
 PSYoungGen      total 11264K, used 512K [0x00000000d5580000, 0x00000000d6600000, 0x0000000100000000)
  eden space 10752K, 0% used [0x00000000d5580000,0x00000000d5580000,0x00000000d6000000)
  from space 512K, 100% used [0x00000000d6580000,0x00000000d6600000,0x00000000d6600000)
  to   space 1024K, 0% used [0x00000000d6400000,0x00000000d6400000,0x00000000d6500000)
 ParOldGen       total 759296K, used 759019K [0x0000000080000000, 0x00000000ae580000, 0x00000000d5580000)
  object space 759296K, 99% used [0x0000000080000000,0x00000000ae53ae48,0x00000000ae580000)
 Metaspace       used 69998K, committed 71616K, reserved 1114112K
  class space    used 7344K, committed 8064K, reserved 1048576K
}
Event: 26.834 GC heap before
{Heap before GC invocations=1444 (full 3):
 PSYoungGen      total 11264K, used 11264K [0x00000000d5580000, 0x00000000d6600000, 0x0000000100000000)
  eden space 10752K, 100% used [0x00000000d5580000,0x00000000d6000000,0x00000000d6000000)
  from space 512K, 100% used [0x00000000d6580000,0x00000000d6600000,0x00000000d6600000)
  to   space 1024K, 0% used [0x00000000d6400000,0x00000000d6400000,0x00000000d6500000)
 ParOldGen       total 759296K, used 759019K [0x0000000080000000, 0x00000000ae580000, 0x00000000d5580000)
  object space 759296K, 99% used [0x0000000080000000,0x00000000ae53ae48,0x00000000ae580000)
 Metaspace       used 69998K, committed 71616K, reserved 1114112K
  class space    used 7344K, committed 8064K, reserved 1048576K
}
Event: 26.836 GC heap after
{Heap after GC invocations=1444 (full 3):
 PSYoungGen      total 11776K, used 672K [0x00000000d5580000, 0x00000000d6600000, 0x0000000100000000)
  eden space 10752K, 0% used [0x00000000d5580000,0x00000000d5580000,0x00000000d6000000)
  from space 1024K, 65% used [0x00000000d6400000,0x00000000d64a8000,0x00000000d6500000)
  to   space 1024K, 0% used [0x00000000d6500000,0x00000000d6500000,0x00000000d6600000)
 ParOldGen       total 759808K, used 759387K [0x0000000080000000, 0x00000000ae600000, 0x00000000d5580000)
  object space 759808K, 99% used [0x0000000080000000,0x00000000ae596e48,0x00000000ae600000)
 Metaspace       used 69998K, committed 71616K, reserved 1114112K
  class space    used 7344K, committed 8064K, reserved 1048576K
}

Dll operation events (14 events):
Event: 0.016 Loaded shared library c:\Users\yashw\.vscode\extensions\redhat.java-1.43.0-win32-x64\jre\21.0.7-win32-x86_64\bin\java.dll
Event: 0.130 Loaded shared library c:\Users\yashw\.vscode\extensions\redhat.java-1.43.0-win32-x64\jre\21.0.7-win32-x86_64\bin\zip.dll
Event: 0.160 Loaded shared library C:\Users\yashw\.vscode\extensions\redhat.java-1.43.0-win32-x64\jre\21.0.7-win32-x86_64\bin\instrument.dll
Event: 0.167 Loaded shared library C:\Users\yashw\.vscode\extensions\redhat.java-1.43.0-win32-x64\jre\21.0.7-win32-x86_64\bin\net.dll
Event: 0.171 Loaded shared library C:\Users\yashw\.vscode\extensions\redhat.java-1.43.0-win32-x64\jre\21.0.7-win32-x86_64\bin\nio.dll
Event: 0.177 Loaded shared library C:\Users\yashw\.vscode\extensions\redhat.java-1.43.0-win32-x64\jre\21.0.7-win32-x86_64\bin\zip.dll
Event: 0.202 Loaded shared library C:\Users\yashw\.vscode\extensions\redhat.java-1.43.0-win32-x64\jre\21.0.7-win32-x86_64\bin\jimage.dll
Event: 0.321 Loaded shared library c:\Users\yashw\.vscode\extensions\redhat.java-1.43.0-win32-x64\jre\21.0.7-win32-x86_64\bin\verify.dll
Event: 1.968 Loaded shared library C:\Users\yashw\AppData\Roaming\Code\User\globalStorage\redhat.java\1.43.0\config_win\org.eclipse.equinox.launcher\org.eclipse.equinox.launcher.win32.win32.x86_64_1.2.1300.v20250331-1702\eclipse_11911.dll
Event: 3.755 Loaded shared library C:\Users\yashw\.vscode\extensions\redhat.java-1.43.0-win32-x64\jre\21.0.7-win32-x86_64\bin\management.dll
Event: 3.758 Loaded shared library C:\Users\yashw\.vscode\extensions\redhat.java-1.43.0-win32-x64\jre\21.0.7-win32-x86_64\bin\management_ext.dll
Event: 5.876 Loaded shared library C:\Users\yashw\AppData\Local\Temp\jna-114749626\jna6480358769911280738.dll
Event: 6.570 Loaded shared library C:\Users\yashw\.vscode\extensions\redhat.java-1.43.0-win32-x64\jre\21.0.7-win32-x86_64\bin\sunmscapi.dll
Event: 6.825 Loaded shared library C:\Users\yashw\.vscode\extensions\redhat.java-1.43.0-win32-x64\jre\21.0.7-win32-x86_64\bin\extnet.dll

Deoptimization events (20 events):
Event: 26.404 Thread 0x0000015254b8ed70 DEOPT PACKING pc=0x0000015207fc0198 sp=0x00000004815fda10
Event: 26.404 Thread 0x0000015254b8ed70 DEOPT UNPACKING pc=0x00000152074a3aa2 sp=0x00000004815fd970 mode 2
Event: 26.425 Thread 0x000001527f28d6e0 Uncommon trap: trap_request=0xffffff45 fr.pc=0x0000015207ec8480 relative=0x0000000000007760
Event: 26.425 Thread 0x000001527f28d6e0 Uncommon trap: reason=unstable_if action=reinterpret pc=0x0000015207ec8480 method=java.util.concurrent.ConcurrentHashMap.remove(Ljava/lang/Object;Ljava/lang/Object;)Z @ 23 c2
Event: 26.425 Thread 0x000001527f28d6e0 DEOPT PACKING pc=0x0000015207ec8480 sp=0x0000000480efa070
Event: 26.425 Thread 0x000001527f28d6e0 DEOPT UNPACKING pc=0x00000152074a3aa2 sp=0x0000000480ef9e18 mode 2
Event: 26.600 Thread 0x000001527f28d6e0 DEOPT PACKING pc=0x0000015201627126 sp=0x0000000480efda80
Event: 26.600 Thread 0x000001527f28d6e0 DEOPT UNPACKING pc=0x00000152074a4242 sp=0x0000000480efcf70 mode 0
Event: 26.601 Thread 0x000001527f28d6e0 DEOPT PACKING pc=0x0000015201627126 sp=0x0000000480efda80
Event: 26.601 Thread 0x000001527f28d6e0 DEOPT UNPACKING pc=0x00000152074a4242 sp=0x0000000480efcf70 mode 0
Event: 26.601 Thread 0x000001527f28d6e0 DEOPT PACKING pc=0x0000015201627126 sp=0x0000000480efda80
Event: 26.601 Thread 0x000001527f28d6e0 DEOPT UNPACKING pc=0x00000152074a4242 sp=0x0000000480efcf70 mode 0
Event: 26.822 Thread 0x000001527dd94480 Uncommon trap: trap_request=0xffffff45 fr.pc=0x000001520844d434 relative=0x00000000000000f4
Event: 26.822 Thread 0x000001527dd94480 Uncommon trap: reason=unstable_if action=reinterpret pc=0x000001520844d434 method=org.eclipse.jdt.internal.core.util.WeakHashSet.cleanupGarbageCollectedValues()V @ 68 c2
Event: 26.822 Thread 0x000001527dd94480 DEOPT PACKING pc=0x000001520844d434 sp=0x00000004fe3fe5b0
Event: 26.822 Thread 0x000001527dd94480 DEOPT UNPACKING pc=0x00000152074a3aa2 sp=0x00000004fe3fe528 mode 2
Event: 26.822 Thread 0x000001527dd94480 Uncommon trap: trap_request=0xffffff45 fr.pc=0x000001520844b3f0 relative=0x0000000000000610
Event: 26.822 Thread 0x000001527dd94480 Uncommon trap: reason=unstable_if action=reinterpret pc=0x000001520844b3f0 method=org.eclipse.jdt.internal.core.util.WeakHashSet.cleanupGarbageCollectedValues()V @ 68 c2
Event: 26.822 Thread 0x000001527dd94480 DEOPT PACKING pc=0x000001520844b3f0 sp=0x00000004fe3fe600
Event: 26.822 Thread 0x000001527dd94480 DEOPT UNPACKING pc=0x00000152074a3aa2 sp=0x00000004fe3fe500 mode 2

Classes loaded (20 events):
Event: 14.679 Loading class com/sun/org/apache/xerces/internal/xni/XNIException
Event: 14.679 Loading class com/sun/org/apache/xerces/internal/xni/XNIException done
Event: 14.679 Loading class com/sun/org/apache/xerces/internal/xni/parser/XMLParseException
Event: 14.679 Loading class com/sun/org/apache/xerces/internal/xni/parser/XMLParseException done
Event: 14.976 Loading class java/io/CharArrayWriter
Event: 14.977 Loading class java/io/CharArrayWriter done
Event: 14.985 Loading class java/nio/file/attribute/PosixFileAttributes
Event: 14.985 Loading class java/nio/file/attribute/PosixFileAttributes done
Event: 25.842 Loading class java/util/concurrent/CompletableFuture$UniApply
Event: 25.843 Loading class java/util/concurrent/CompletableFuture$UniApply done
Event: 25.843 Loading class java/util/concurrent/CompletableFuture$UniExceptionally
Event: 25.844 Loading class java/util/concurrent/CompletableFuture$UniExceptionally done
Event: 26.091 Loading class jdk/internal/event/SecurityPropertyModificationEvent
Event: 26.091 Loading class jdk/internal/event/SecurityPropertyModificationEvent done
Event: 26.171 Loading class java/util/zip/CheckedInputStream
Event: 26.171 Loading class java/util/zip/CheckedInputStream done
Event: 26.268 Loading class java/util/zip/GZIPInputStream$1
Event: 26.268 Loading class java/util/zip/GZIPInputStream$1 done
Event: 26.487 Loading class java/lang/UnsupportedClassVersionError
Event: 26.487 Loading class java/lang/UnsupportedClassVersionError done

Classes unloaded (17 events):
Event: 4.608 Thread 0x000001527b5a4920 Unloading class 0x000001521019d000 'java/lang/invoke/LambdaForm$MH+0x000001521019d000'
Event: 4.608 Thread 0x000001527b5a4920 Unloading class 0x000001521019cc00 'java/lang/invoke/LambdaForm$MH+0x000001521019cc00'
Event: 4.608 Thread 0x000001527b5a4920 Unloading class 0x000001521019c800 'java/lang/invoke/LambdaForm$MH+0x000001521019c800'
Event: 4.608 Thread 0x000001527b5a4920 Unloading class 0x000001521019c400 'java/lang/invoke/LambdaForm$MH+0x000001521019c400'
Event: 4.608 Thread 0x000001527b5a4920 Unloading class 0x000001521019c000 'java/lang/invoke/LambdaForm$BMH+0x000001521019c000'
Event: 4.608 Thread 0x000001527b5a4920 Unloading class 0x000001521019bc00 'java/lang/invoke/LambdaForm$DMH+0x000001521019bc00'
Event: 4.608 Thread 0x000001527b5a4920 Unloading class 0x000001521019a800 'java/lang/invoke/LambdaForm$DMH+0x000001521019a800'
Event: 6.242 Thread 0x000001527b5a4920 Unloading class 0x00000152102f0800 'java/lang/invoke/LambdaForm$MH+0x00000152102f0800'
Event: 6.242 Thread 0x000001527b5a4920 Unloading class 0x00000152102efc00 'java/lang/invoke/LambdaForm$MH+0x00000152102efc00'
Event: 6.242 Thread 0x000001527b5a4920 Unloading class 0x00000152102ef800 'java/lang/invoke/LambdaForm$MH+0x00000152102ef800'
Event: 6.242 Thread 0x000001527b5a4920 Unloading class 0x00000152102eec00 'java/lang/invoke/LambdaForm$MH+0x00000152102eec00'
Event: 6.242 Thread 0x000001527b5a4920 Unloading class 0x00000152102ee800 'java/lang/invoke/LambdaForm$DMH+0x00000152102ee800'
Event: 6.242 Thread 0x000001527b5a4920 Unloading class 0x00000152102edc00 'java/lang/invoke/LambdaForm$MH+0x00000152102edc00'
Event: 12.690 Thread 0x000001527b5a4920 Unloading class 0x0000015210615800 'java/lang/invoke/LambdaForm$DMH+0x0000015210615800'
Event: 12.690 Thread 0x000001527b5a4920 Unloading class 0x0000015210615400 'java/lang/invoke/LambdaForm$DMH+0x0000015210615400'
Event: 12.690 Thread 0x000001527b5a4920 Unloading class 0x0000015210615000 'java/lang/invoke/LambdaForm$DMH+0x0000015210615000'
Event: 12.690 Thread 0x000001527b5a4920 Unloading class 0x0000015210614c00 'java/lang/invoke/LambdaForm$DMH+0x0000015210614c00'

Classes redefined (0 events):
No events

Internal exceptions (20 events):
Event: 26.051 Thread 0x000001527f28c330 Exception <a 'java/lang/IncompatibleClassChangeError'{0x00000000d5614f98}: Found class java.lang.Object, but interface was expected> (0x00000000d5614f98) 
thrown [s\src\hotspot\share\interpreter\linkResolver.cpp, line 840]
Event: 26.081 Thread 0x000001527dd95ec0 Exception <a 'sun/nio/fs/WindowsException'{0x00000000d5731d80}> (0x00000000d5731d80) 
thrown [s\src\hotspot\share\prims\jni.cpp, line 520]
Event: 26.081 Thread 0x000001527dd95ec0 Exception <a 'sun/nio/fs/WindowsException'{0x00000000d5732808}> (0x00000000d5732808) 
thrown [s\src\hotspot\share\prims\jni.cpp, line 520]
Event: 26.081 Thread 0x000001527f1b9020 Exception <a 'sun/nio/fs/WindowsException'{0x00000000d5735828}> (0x00000000d5735828) 
thrown [s\src\hotspot\share\prims\jni.cpp, line 520]
Event: 26.081 Thread 0x000001527f1b9020 Exception <a 'sun/nio/fs/WindowsException'{0x00000000d5737c40}> (0x00000000d5737c40) 
thrown [s\src\hotspot\share\prims\jni.cpp, line 520]
Event: 26.098 Thread 0x000001527f1b9020 Exception <a 'java/lang/NoSuchMethodError'{0x00000000d5872fc0}: 'java.lang.Object java.lang.invoke.Invokers$Holder.linkToTargetMethod(java.lang.Object, java.lang.Object, int, int, java.lang.Object)'> (0x00000000d5872fc0) 
thrown [s\src\hotspot\share\interpreter\linkResolver.cpp, line 773]
Event: 26.107 Thread 0x000001527dd95ec0 Exception <a 'java/lang/NoSuchMethodError'{0x00000000d5738528}: method resolution failed> (0x00000000d5738528) 
thrown [s\src\hotspot\share\prims\methodHandles.cpp, line 1144]
Event: 26.107 Thread 0x000001527f1b9020 Exception <a 'java/lang/NoSuchMethodError'{0x00000000d57370b0}: method resolution failed> (0x00000000d57370b0) 
thrown [s\src\hotspot\share\prims\methodHandles.cpp, line 1144]
Event: 26.322 Thread 0x0000015254b8e050 Exception <a 'sun/nio/fs/WindowsException'{0x00000000d5593750}> (0x00000000d5593750) 
thrown [s\src\hotspot\share\prims\jni.cpp, line 520]
Event: 26.322 Thread 0x0000015254b8e050 Exception <a 'sun/nio/fs/WindowsException'{0x00000000d5594220}> (0x00000000d5594220) 
thrown [s\src\hotspot\share\prims\jni.cpp, line 520]
Event: 26.323 Thread 0x0000015254b8e050 Exception <a 'sun/nio/fs/WindowsException'{0x00000000d55f9000}> (0x00000000d55f9000) 
thrown [s\src\hotspot\share\prims\jni.cpp, line 520]
Event: 26.323 Thread 0x0000015254b8e050 Exception <a 'sun/nio/fs/WindowsException'{0x00000000d55f9ab0}> (0x00000000d55f9ab0) 
thrown [s\src\hotspot\share\prims\jni.cpp, line 520]
Event: 26.324 Thread 0x0000015254b8e050 Exception <a 'sun/nio/fs/WindowsException'{0x00000000d568ba30}> (0x00000000d568ba30) 
thrown [s\src\hotspot\share\prims\jni.cpp, line 520]
Event: 26.324 Thread 0x0000015254b8e050 Exception <a 'sun/nio/fs/WindowsException'{0x00000000d568c4e0}> (0x00000000d568c4e0) 
thrown [s\src\hotspot\share\prims\jni.cpp, line 520]
Event: 26.332 Thread 0x0000015254b8e050 Exception <a 'sun/nio/fs/WindowsException'{0x00000000d577a3b8}> (0x00000000d577a3b8) 
thrown [s\src\hotspot\share\prims\jni.cpp, line 520]
Event: 26.332 Thread 0x0000015254b8e050 Exception <a 'sun/nio/fs/WindowsException'{0x00000000d579b500}> (0x00000000d579b500) 
thrown [s\src\hotspot\share\prims\jni.cpp, line 520]
Event: 26.355 Thread 0x000001527dd94480 Implicit null exception at 0x0000015208431528 to 0x0000015208431d98
Event: 26.355 Thread 0x0000015254b8ed70 Implicit null exception at 0x00000152080603a6 to 0x0000015208060974
Event: 26.375 Thread 0x000001527f1b96b0 Exception <a 'java/lang/NoSuchMethodError'{0x00000000d574f558}: 'java.lang.Object java.lang.invoke.DirectMethodHandle$Holder.invokeSpecial(java.lang.Object, java.lang.Object, int, long)'> (0x00000000d574f558) 
thrown [s\src\hotspot\share\interpreter\linkResolver.cpp, line 773]
Event: 26.552 Thread 0x000001527f28d6e0 Exception <a 'java/lang/NoSuchMethodError'{0x00000000d5b701d0}: 'int java.lang.invoke.Invokers$Holder.invokeExact_MT(java.lang.Object, java.lang.Object)'> (0x00000000d5b701d0) 
thrown [s\src\hotspot\share\interpreter\linkResolver.cpp, line 773]

ZGC Phase Switch (0 events):
No events

VM Operations (20 events):
Event: 26.643 Executing VM operation: ParallelGCFailedAllocation (Allocation Failure)
Event: 26.645 Executing VM operation: ParallelGCFailedAllocation (Allocation Failure) done
Event: 26.671 Executing VM operation: ParallelGCFailedAllocation (Allocation Failure)
Event: 26.674 Executing VM operation: ParallelGCFailedAllocation (Allocation Failure) done
Event: 26.687 Executing VM operation: ParallelGCFailedAllocation (Allocation Failure)
Event: 26.689 Executing VM operation: ParallelGCFailedAllocation (Allocation Failure) done
Event: 26.704 Executing VM operation: ParallelGCFailedAllocation (Allocation Failure)
Event: 26.707 Executing VM operation: ParallelGCFailedAllocation (Allocation Failure) done
Event: 26.735 Executing VM operation: ParallelGCFailedAllocation (Allocation Failure)
Event: 26.738 Executing VM operation: ParallelGCFailedAllocation (Allocation Failure) done
Event: 26.753 Executing VM operation: ParallelGCFailedAllocation (Allocation Failure)
Event: 26.756 Executing VM operation: ParallelGCFailedAllocation (Allocation Failure) done
Event: 26.775 Executing VM operation: ParallelGCFailedAllocation (Allocation Failure)
Event: 26.777 Executing VM operation: ParallelGCFailedAllocation (Allocation Failure) done
Event: 26.795 Executing VM operation: ParallelGCFailedAllocation (Allocation Failure)
Event: 26.798 Executing VM operation: ParallelGCFailedAllocation (Allocation Failure) done
Event: 26.812 Executing VM operation: ParallelGCFailedAllocation (Allocation Failure)
Event: 26.819 Executing VM operation: ParallelGCFailedAllocation (Allocation Failure) done
Event: 26.834 Executing VM operation: ParallelGCFailedAllocation (Allocation Failure)
Event: 26.836 Executing VM operation: ParallelGCFailedAllocation (Allocation Failure) done

Memory protections (0 events):
No events

Nmethod flushes (20 events):
Event: 12.709 Thread 0x000001527b5a4920 flushing  nmethod 0x000001520097a010
Event: 12.709 Thread 0x000001527b5a4920 flushing  nmethod 0x0000015200981890
Event: 12.709 Thread 0x000001527b5a4920 flushing  nmethod 0x0000015200982390
Event: 12.709 Thread 0x000001527b5a4920 flushing  nmethod 0x0000015200983790
Event: 12.709 Thread 0x000001527b5a4920 flushing  nmethod 0x0000015200984010
Event: 12.709 Thread 0x000001527b5a4920 flushing  nmethod 0x0000015200985e10
Event: 12.709 Thread 0x000001527b5a4920 flushing  nmethod 0x0000015200991a10
Event: 12.709 Thread 0x000001527b5a4920 flushing  nmethod 0x0000015200998f90
Event: 12.709 Thread 0x000001527b5a4920 flushing  nmethod 0x00000152009caa90
Event: 12.709 Thread 0x000001527b5a4920 flushing  nmethod 0x00000152009d6b90
Event: 12.709 Thread 0x000001527b5a4920 flushing  nmethod 0x00000152009d7310
Event: 12.709 Thread 0x000001527b5a4920 flushing  nmethod 0x00000152009d8d10
Event: 12.709 Thread 0x000001527b5a4920 flushing  nmethod 0x00000152009dd410
Event: 12.709 Thread 0x000001527b5a4920 flushing  nmethod 0x00000152009dd890
Event: 12.709 Thread 0x000001527b5a4920 flushing  nmethod 0x00000152009dde10
Event: 12.709 Thread 0x000001527b5a4920 flushing  nmethod 0x00000152009de410
Event: 12.709 Thread 0x000001527b5a4920 flushing  nmethod 0x00000152009dea10
Event: 12.709 Thread 0x000001527b5a4920 flushing  nmethod 0x00000152009dfe90
Event: 12.709 Thread 0x000001527b5a4920 flushing  nmethod 0x00000152009e1410
Event: 12.709 Thread 0x000001527b5a4920 flushing  nmethod 0x0000015200a12f10

Events (20 events):
Event: 15.802 Thread 0x000001527db4d280 Thread exited: 0x000001527db4d280
Event: 16.106 Thread 0x000001527b844920 Thread exited: 0x000001527b844920
Event: 16.123 Thread 0x000001527b6bdf50 Thread exited: 0x000001527b6bdf50
Event: 17.231 Thread 0x000001527d0744f0 Thread exited: 0x000001527d0744f0
Event: 17.947 Thread 0x000001527f28ea90 Thread exited: 0x000001527f28ea90
Event: 25.843 Thread 0x000001527f28c330 Thread added: 0x000001527f28b610
Event: 25.964 Thread 0x000001527b621ed0 Thread added: 0x000001527db4d280
Event: 25.970 Thread 0x000001527f28c330 Thread added: 0x000001527f28bca0
Event: 25.970 Thread 0x000001527f28c330 Thread added: 0x000001527f28c9c0
Event: 25.970 Thread 0x000001527f28c330 Thread added: 0x000001527f28d6e0
Event: 26.026 Thread 0x000001527dd94480 Thread added: 0x000001527f28ea90
Event: 26.055 Thread 0x000001527f28c330 Thread added: 0x000001527dd951a0
Event: 26.057 Thread 0x000001527f28c330 Thread added: 0x0000015254b8e6e0
Event: 26.058 Thread 0x0000015254b8e6e0 Thread added: 0x0000015254b8d330
Event: 26.058 Thread 0x0000015254b8d330 Thread added: 0x0000015254b8e050
Event: 26.059 Thread 0x0000015254b8e050 Thread added: 0x0000015254b8d9c0
Event: 26.067 Thread 0x000001527f28c330 Thread added: 0x0000015254b8ed70
Event: 26.088 Thread 0x0000015254b8ed70 Thread added: 0x0000015254b8c610
Event: 26.101 Thread 0x0000015254b8ed70 Thread added: 0x0000015254b88b00
Event: 26.532 Thread 0x0000015254b88b00 Thread exited: 0x0000015254b88b00


Dynamic libraries:
0x00007ff7b8d20000 - 0x00007ff7b8d2e000 	c:\Users\yashw\.vscode\extensions\redhat.java-1.43.0-win32-x64\jre\21.0.7-win32-x86_64\bin\java.exe
0x00007ffce6bd0000 - 0x00007ffce6de7000 	C:\windows\SYSTEM32\ntdll.dll
0x00007ffce6470000 - 0x00007ffce6534000 	C:\windows\System32\KERNEL32.DLL
0x00007ffce3f40000 - 0x00007ffce4312000 	C:\windows\System32\KERNELBASE.dll
0x00007ffce0490000 - 0x00007ffce0528000 	C:\windows\SYSTEM32\apphelp.dll
0x00007ffce46c0000 - 0x00007ffce47d1000 	C:\windows\System32\ucrtbase.dll
0x00007ffcabe40000 - 0x00007ffcabe58000 	c:\Users\yashw\.vscode\extensions\redhat.java-1.43.0-win32-x64\jre\21.0.7-win32-x86_64\bin\jli.dll
0x00007ffce6810000 - 0x00007ffce69c1000 	C:\windows\System32\USER32.dll
0x00007ffce45d0000 - 0x00007ffce45f6000 	C:\windows\System32\win32u.dll
0x00007ffce67e0000 - 0x00007ffce6809000 	C:\windows\System32\GDI32.dll
0x00007ffce3e10000 - 0x00007ffce3f33000 	C:\windows\System32\gdi32full.dll
0x00007ffce3cf0000 - 0x00007ffce3d8a000 	C:\windows\System32\msvcp_win.dll
0x00007ffcaa290000 - 0x00007ffcaa2ae000 	c:\Users\yashw\.vscode\extensions\redhat.java-1.43.0-win32-x64\jre\21.0.7-win32-x86_64\bin\VCRUNTIME140.dll
0x00007ffcc4530000 - 0x00007ffcc47cb000 	C:\windows\WinSxS\amd64_microsoft.windows.common-controls_6595b64144ccf1df_6.0.22621.5415_none_270d77d17387d7da\COMCTL32.dll
0x00007ffce54c0000 - 0x00007ffce5567000 	C:\windows\System32\msvcrt.dll
0x00007ffce60d0000 - 0x00007ffce6101000 	C:\windows\System32\IMM32.DLL
0x00007ffcc3f60000 - 0x00007ffcc3f6c000 	c:\Users\yashw\.vscode\extensions\redhat.java-1.43.0-win32-x64\jre\21.0.7-win32-x86_64\bin\vcruntime140_1.dll
0x00007ffc8ce90000 - 0x00007ffc8cf1d000 	c:\Users\yashw\.vscode\extensions\redhat.java-1.43.0-win32-x64\jre\21.0.7-win32-x86_64\bin\msvcp140.dll
0x00007ffc11740000 - 0x00007ffc124d0000 	c:\Users\yashw\.vscode\extensions\redhat.java-1.43.0-win32-x64\jre\21.0.7-win32-x86_64\bin\server\jvm.dll
0x00007ffce66a0000 - 0x00007ffce6751000 	C:\windows\System32\ADVAPI32.dll
0x00007ffce6ae0000 - 0x00007ffce6b88000 	C:\windows\System32\sechost.dll
0x00007ffce3cc0000 - 0x00007ffce3ce8000 	C:\windows\System32\bcrypt.dll
0x00007ffce5910000 - 0x00007ffce5a24000 	C:\windows\System32\RPCRT4.dll
0x00007ffce4970000 - 0x00007ffce49e1000 	C:\windows\System32\WS2_32.dll
0x00007ffce3ae0000 - 0x00007ffce3b2d000 	C:\windows\SYSTEM32\POWRPROF.dll
0x00007ffcda8b0000 - 0x00007ffcda8e4000 	C:\windows\SYSTEM32\WINMM.dll
0x00007ffcd8560000 - 0x00007ffcd856a000 	C:\windows\SYSTEM32\VERSION.dll
0x00007ffce39c0000 - 0x00007ffce39d3000 	C:\windows\SYSTEM32\UMPDC.dll
0x00007ffce2cc0000 - 0x00007ffce2cd8000 	C:\windows\SYSTEM32\kernel.appcore.dll
0x00007ffcc20a0000 - 0x00007ffcc20aa000 	c:\Users\yashw\.vscode\extensions\redhat.java-1.43.0-win32-x64\jre\21.0.7-win32-x86_64\bin\jimage.dll
0x00007ffce11d0000 - 0x00007ffce1403000 	C:\windows\SYSTEM32\DBGHELP.DLL
0x00007ffce5570000 - 0x00007ffce5903000 	C:\windows\System32\combase.dll
0x00007ffce4a60000 - 0x00007ffce4b37000 	C:\windows\System32\OLEAUT32.dll
0x00007ffcc3310000 - 0x00007ffcc3342000 	C:\windows\SYSTEM32\dbgcore.DLL
0x00007ffce3d90000 - 0x00007ffce3e0b000 	C:\windows\System32\bcryptPrimitives.dll
0x00007ffcc1870000 - 0x00007ffcc187f000 	c:\Users\yashw\.vscode\extensions\redhat.java-1.43.0-win32-x64\jre\21.0.7-win32-x86_64\bin\instrument.dll
0x00007ffca9c40000 - 0x00007ffca9c5f000 	c:\Users\yashw\.vscode\extensions\redhat.java-1.43.0-win32-x64\jre\21.0.7-win32-x86_64\bin\java.dll
0x00007ffce4c00000 - 0x00007ffce54a2000 	C:\windows\System32\SHELL32.dll
0x00007ffce4320000 - 0x00007ffce445f000 	C:\windows\System32\wintypes.dll
0x00007ffce1ba0000 - 0x00007ffce24be000 	C:\windows\SYSTEM32\windows.storage.dll
0x00007ffce69d0000 - 0x00007ffce6adb000 	C:\windows\System32\SHCORE.dll
0x00007ffce6770000 - 0x00007ffce67d9000 	C:\windows\System32\shlwapi.dll
0x00007ffce3bf0000 - 0x00007ffce3c1b000 	C:\windows\SYSTEM32\profapi.dll
0x00007ffca9c00000 - 0x00007ffca9c18000 	c:\Users\yashw\.vscode\extensions\redhat.java-1.43.0-win32-x64\jre\21.0.7-win32-x86_64\bin\zip.dll
0x00007ffcc0310000 - 0x00007ffcc0320000 	C:\Users\yashw\.vscode\extensions\redhat.java-1.43.0-win32-x64\jre\21.0.7-win32-x86_64\bin\net.dll
0x00007ffce0720000 - 0x00007ffce084c000 	C:\windows\SYSTEM32\WINHTTP.dll
0x00007ffce3170000 - 0x00007ffce31d9000 	C:\windows\system32\mswsock.dll
0x00007ffca6a30000 - 0x00007ffca6a46000 	C:\Users\yashw\.vscode\extensions\redhat.java-1.43.0-win32-x64\jre\21.0.7-win32-x86_64\bin\nio.dll
0x00007ffcbdd80000 - 0x00007ffcbdd90000 	c:\Users\yashw\.vscode\extensions\redhat.java-1.43.0-win32-x64\jre\21.0.7-win32-x86_64\bin\verify.dll
0x00007ffca4a70000 - 0x00007ffca4ab5000 	C:\Users\yashw\AppData\Roaming\Code\User\globalStorage\redhat.java\1.43.0\config_win\org.eclipse.equinox.launcher\org.eclipse.equinox.launcher.win32.win32.x86_64_1.2.1300.v20250331-1702\eclipse_11911.dll
0x00007ffce5eb0000 - 0x00007ffce6050000 	C:\windows\System32\ole32.dll
0x00007ffcb5e20000 - 0x00007ffcb5e2a000 	C:\Users\yashw\.vscode\extensions\redhat.java-1.43.0-win32-x64\jre\21.0.7-win32-x86_64\bin\management.dll
0x00007ffcb50c0000 - 0x00007ffcb50cb000 	C:\Users\yashw\.vscode\extensions\redhat.java-1.43.0-win32-x64\jre\21.0.7-win32-x86_64\bin\management_ext.dll
0x00007ffce4b40000 - 0x00007ffce4b48000 	C:\windows\System32\PSAPI.DLL
0x00007ffce33c0000 - 0x00007ffce33db000 	C:\windows\SYSTEM32\CRYPTSP.dll
0x00007ffce2c20000 - 0x00007ffce2c57000 	C:\windows\system32\rsaenh.dll
0x00007ffce3260000 - 0x00007ffce3288000 	C:\windows\SYSTEM32\USERENV.dll
0x00007ffce33e0000 - 0x00007ffce33ec000 	C:\windows\SYSTEM32\CRYPTBASE.dll
0x00007ffce2750000 - 0x00007ffce277d000 	C:\windows\SYSTEM32\IPHLPAPI.DLL
0x00007ffce6270000 - 0x00007ffce6279000 	C:\windows\System32\NSI.dll
0x00007ffca3e80000 - 0x00007ffca3ec9000 	C:\Users\yashw\AppData\Local\Temp\jna-114749626\jna6480358769911280738.dll
0x00007ffce0470000 - 0x00007ffce0489000 	C:\windows\SYSTEM32\dhcpcsvc6.DLL
0x00007ffce0450000 - 0x00007ffce046f000 	C:\windows\SYSTEM32\dhcpcsvc.DLL
0x00007ffcb24f0000 - 0x00007ffcb24fe000 	C:\Users\yashw\.vscode\extensions\redhat.java-1.43.0-win32-x64\jre\21.0.7-win32-x86_64\bin\sunmscapi.dll
0x00007ffce4460000 - 0x00007ffce45c7000 	C:\windows\System32\CRYPT32.dll
0x00007ffce3580000 - 0x00007ffce35ad000 	C:\windows\SYSTEM32\ncrypt.dll
0x00007ffce3540000 - 0x00007ffce3577000 	C:\windows\SYSTEM32\NTASN1.dll
0x00007ffce2780000 - 0x00007ffce2878000 	C:\windows\SYSTEM32\DNSAPI.dll
0x000000005be60000 - 0x000000005be95000 	C:\Program Files\Bonjour\mdnsNSP.dll
0x00007ffcdf740000 - 0x00007ffcdf74a000 	C:\Windows\System32\rasadhlp.dll
0x00007ffcdf800000 - 0x00007ffcdf884000 	C:\windows\System32\fwpuclnt.dll
0x00007ffcb2270000 - 0x00007ffcb2279000 	C:\Users\yashw\.vscode\extensions\redhat.java-1.43.0-win32-x64\jre\21.0.7-win32-x86_64\bin\extnet.dll

dbghelp: loaded successfully - version: 4.0.5 - missing functions: none
symbol engine: initialized successfully - sym options: 0x614 - pdb path: .;c:\Users\yashw\.vscode\extensions\redhat.java-1.43.0-win32-x64\jre\21.0.7-win32-x86_64\bin;C:\windows\SYSTEM32;C:\windows\WinSxS\amd64_microsoft.windows.common-controls_6595b64144ccf1df_6.0.22621.5415_none_270d77d17387d7da;c:\Users\yashw\.vscode\extensions\redhat.java-1.43.0-win32-x64\jre\21.0.7-win32-x86_64\bin\server;C:\Users\yashw\AppData\Roaming\Code\User\globalStorage\redhat.java\1.43.0\config_win\org.eclipse.equinox.launcher\org.eclipse.equinox.launcher.win32.win32.x86_64_1.2.1300.v20250331-1702;C:\Users\yashw\AppData\Local\Temp\jna-114749626;C:\Program Files\Bonjour

VM Arguments:
jvm_args: --add-modules=ALL-SYSTEM --add-opens=java.base/java.util=ALL-UNNAMED --add-opens=java.base/java.lang=ALL-UNNAMED --add-opens=java.base/sun.nio.fs=ALL-UNNAMED -Declipse.application=org.eclipse.jdt.ls.core.id1 -Dosgi.bundles.defaultStartLevel=4 -Declipse.product=org.eclipse.jdt.ls.core.product -Djava.import.generatesMetadataFilesAtProjectRoot=false -DDetectVMInstallationsJob.disabled=true -Dfile.encoding=utf8 -XX:+UseParallelGC -XX:GCTimeRatio=4 -XX:AdaptiveSizePolicyWeight=90 -Dsun.zip.disableMemoryMapping=true -Xmx2G -Xms100m -Xlog:disable -javaagent:c:\Users\yashw\.vscode\extensions\redhat.java-1.43.0-win32-x64\lombok\lombok-1.18.39-4050.jar -XX:+HeapDumpOnOutOfMemoryError -XX:HeapDumpPath=c:\Users\yashw\AppData\Roaming\Code\User\workspaceStorage\587402c47306005fa7d2fe3c6892794a\redhat.java -Daether.dependencyCollector.impl=bf 
java_command: c:\Users\yashw\.vscode\extensions\redhat.java-1.43.0-win32-x64\server\plugins\org.eclipse.equinox.launcher_1.7.0.v20250519-0528.jar -configuration c:\Users\yashw\AppData\Roaming\Code\User\globalStorage\redhat.java\1.43.0\config_win -data c:\Users\yashw\AppData\Roaming\Code\User\workspaceStorage\587402c47306005fa7d2fe3c6892794a\redhat.java\jdt_ws --pipe=\\.\pipe\lsp-74ecf69ee04df7a94dce00514901347c-sock
java_class_path (initial): c:\Users\yashw\.vscode\extensions\redhat.java-1.43.0-win32-x64\server\plugins\org.eclipse.equinox.launcher_1.7.0.v20250519-0528.jar
Launcher Type: SUN_STANDARD

[Global flags]
    uintx AdaptiveSizePolicyWeight                 = 90                                        {product} {command line}
     intx CICompilerCount                          = 12                                        {product} {ergonomic}
    uintx GCTimeRatio                              = 4                                         {product} {command line}
     bool HeapDumpOnOutOfMemoryError               = true                                   {manageable} {command line}
    ccstr HeapDumpPath                             = c:\Users\yashw\AppData\Roaming\Code\User\workspaceStorage\587402c47306005fa7d2fe3c6892794a\redhat.java         {manageable} {command line}
   size_t InitialHeapSize                          = 104857600                                 {product} {command line}
   size_t MaxHeapSize                              = 2147483648                                {product} {command line}
   size_t MaxNewSize                               = 715653120                                 {product} {ergonomic}
   size_t MinHeapDeltaBytes                        = 524288                                    {product} {ergonomic}
   size_t MinHeapSize                              = 104857600                                 {product} {command line}
   size_t NewSize                                  = 34603008                                  {product} {ergonomic}
    uintx NonNMethodCodeHeapSize                   = 7602480                                {pd product} {ergonomic}
    uintx NonProfiledCodeHeapSize                  = 122027880                              {pd product} {ergonomic}
   size_t OldSize                                  = 70254592                                  {product} {ergonomic}
    uintx ProfiledCodeHeapSize                     = 122027880                              {pd product} {ergonomic}
    uintx ReservedCodeCacheSize                    = 251658240                              {pd product} {ergonomic}
     bool SegmentedCodeCache                       = true                                      {product} {ergonomic}
   size_t SoftMaxHeapSize                          = 2147483648                             {manageable} {ergonomic}
     bool UseCompressedOops                        = true                           {product lp64_product} {ergonomic}
     bool UseLargePagesIndividualAllocation        = false                                  {pd product} {ergonomic}
     bool UseParallelGC                            = true                                      {product} {command line}

Logging:
Log output configuration:
 #0: stdout all=off uptime,level,tags foldmultilines=false
 #1: stderr all=off uptime,level,tags foldmultilines=false

Environment Variables:
JAVA_HOME=C:\Users\yashw\AppData\Local\Programs\Eclipse Adoptium\jdk-17.0.10.7-hotspot\
PATH=C:\Python313\Scripts\;C:\Python313\;c:\Users\yashw\AppData\Local\Programs\cursor\resources\app\bin;C:\windows\system32;C:\windows;C:\windows\System32\Wbem;C:\windows\System32\WindowsPowerShell\v1.0\;C:\windows\System32\OpenSSH\;C:\Program Files\dotnet\;C:\Program Files\Git\cmd;C:\Users\yashw\AppData\Local\Programs\Eclipse Adoptium\jdk-17.0.10.7-hotspot\bin;C:\Users\yashw\AppData\Local\Programs\Python\Python312\Scripts\;C:\Users\yashw\AppData\Local\Programs\Python\Python312\;C:\Users\yashw\AppData\Local\Microsoft\WindowsApps;C:\Program Files\JetBrains\IntelliJ IDEA Community Edition 2024.3\bin;;c:\Users\yashw\AppData\Local\Programs\cursor\resources\app\bin;C:\ProgramData\chocolatey\bin;D:\gandu\;C:\Program Files\Docker\Docker\resources\bin;C:\Users\yashw\AppData\Local\Programs\Eclipse Adoptium\jdk-17.0.10.7-hotspot\bin;C:\Users\yashw\AppData\Local\Programs\Python\Python312\Scripts\;C:\Users\yashw\AppData\Local\Programs\Python\Python312\;C:\Users\yashw\AppData\Local\Microsoft\WindowsApps;C:\Users\yashw\AppData\Local\Programs\Microsoft VS Code\bin;C:\Program Files\JetBrains\IntelliJ IDEA Community Edition 2024.3\bin;;C:\Users\yashw\AppData\Roaming\npm
USERNAME=yashw
OS=Windows_NT
PROCESSOR_IDENTIFIER=Intel64 Family 6 Model 154 Stepping 3, GenuineIntel
TMP=C:\Users\yashw\AppData\Local\Temp
TEMP=C:\Users\yashw\AppData\Local\Temp




Periodic native trim disabled

---------------  S Y S T E M  ---------------

OS:
 Windows 11 , 64 bit Build 22621 (10.0.22621.5415)
OS uptime: 4 days 0:01 hours
Hyper-V role detected

CPU: total 16 (initial active 16) (8 cores per cpu, 2 threads per core) family 6 model 154 stepping 3 microcode 0x42c, cx8, cmov, fxsr, ht, mmx, 3dnowpref, sse, sse2, sse3, ssse3, sse4.1, sse4.2, popcnt, lzcnt, tsc, tscinvbit, avx, avx2, aes, erms, clmul, bmi1, bmi2, adx, sha, fma, vzeroupper, clflush, clflushopt, clwb, hv, serialize, rdtscp, rdpid, fsrm, f16c, cet_ibt, cet_ss
Processor Information for processor 0
  Max Mhz: 1700, Current Mhz: 1700, Mhz Limit: 1700
Processor Information for processor 1
  Max Mhz: 1700, Current Mhz: 1700, Mhz Limit: 1700
Processor Information for processor 2
  Max Mhz: 1700, Current Mhz: 1700, Mhz Limit: 1700
Processor Information for processor 3
  Max Mhz: 1700, Current Mhz: 1700, Mhz Limit: 1700
Processor Information for processor 4
  Max Mhz: 1700, Current Mhz: 1700, Mhz Limit: 1700
Processor Information for processor 5
  Max Mhz: 1700, Current Mhz: 1700, Mhz Limit: 1700
Processor Information for processor 6
  Max Mhz: 1700, Current Mhz: 1700, Mhz Limit: 1700
Processor Information for processor 7
  Max Mhz: 1700, Current Mhz: 1700, Mhz Limit: 1700
Processor Information for processor 8
  Max Mhz: 1700, Current Mhz: 1200, Mhz Limit: 1190
Processor Information for processor 9
  Max Mhz: 1700, Current Mhz: 1200, Mhz Limit: 1190
Processor Information for processor 10
  Max Mhz: 1700, Current Mhz: 1200, Mhz Limit: 1190
Processor Information for processor 11
  Max Mhz: 1700, Current Mhz: 1200, Mhz Limit: 1190
Processor Information for processor 12
  Max Mhz: 1700, Current Mhz: 1200, Mhz Limit: 1190
Processor Information for processor 13
  Max Mhz: 1700, Current Mhz: 1200, Mhz Limit: 1190
Processor Information for processor 14
  Max Mhz: 1700, Current Mhz: 1200, Mhz Limit: 1190
Processor Information for processor 15
  Max Mhz: 1700, Current Mhz: 1200, Mhz Limit: 1190

Memory: 4k page, system-wide physical 16052M (171M free)
TotalPageFile size 40206M (AvailPageFile size 70M)
current process WorkingSet (physical memory assigned to process): 990M, peak: 1000M
current process commit charge ("private bytes"): 1068M, peak: 1092M

vm_info: OpenJDK 64-Bit Server VM (21.0.7+6-LTS) for windows-amd64 JRE (21.0.7+6-LTS), built on 2025-04-15T00:00:00Z by "admin" with MS VC++ 17.7 (VS2022)

END.
