#
# There is insufficient memory for the Java Runtime Environment to continue.
# Native memory allocation (malloc) failed to allocate 976288 bytes. Error detail: Chunk::new
# Possible reasons:
#   The system is out of physical RAM or swap space
#   This process is running with CompressedOops enabled, and the Java Heap may be blocking the growth of the native heap
# Possible solutions:
#   Reduce memory load on the system
#   Increase physical memory or swap space
#   Check if swap backing store is full
#   Decrease Java heap size (-Xmx/-Xms)
#   Decrease number of Java threads
#   Decrease Java thread stack sizes (-Xss)
#   Set larger code cache with -XX:ReservedCodeCacheSize=
#   JVM is running with Unscaled Compressed Oops mode in which the Java heap is
#     placed in the first 4GB address space. The Java Heap base address is the
#     maximum limit for the native heap growth. Please use -XX:HeapBaseMinAddress
#     to set the Java Heap base and to place the Java Heap above 4GB virtual address.
# This output file may be truncated or incomplete.
#
#  Out of Memory Error (arena.cpp:168), pid=18476, tid=25304
#
# JRE version: OpenJDK Runtime Environment Temurin-21.0.8+9 (21.0.8+9) (build 21.0.8+9-LTS)
# Java VM: OpenJDK 64-Bit Server VM Temurin-21.0.8+9 (21.0.8+9-LTS, mixed mode, sharing, tiered, compressed oops, compressed class ptrs, parallel gc, windows-amd64)
# No core dump will be written. Minidumps are not enabled by default on client versions of Windows
#

---------------  S U M M A R Y ------------

Command Line: --add-modules=ALL-SYSTEM --add-opens=java.base/java.util=ALL-UNNAMED --add-opens=java.base/java.lang=ALL-UNNAMED --add-opens=java.base/sun.nio.fs=ALL-UNNAMED -Declipse.application=org.eclipse.jdt.ls.core.id1 -Dosgi.bundles.defaultStartLevel=4 -Declipse.product=org.eclipse.jdt.ls.core.product -Djava.import.generatesMetadataFilesAtProjectRoot=false -DDetectVMInstallationsJob.disabled=true -Dfile.encoding=utf8 -XX:+UseParallelGC -XX:GCTimeRatio=4 -XX:AdaptiveSizePolicyWeight=90 -Dsun.zip.disableMemoryMapping=true -Xmx2G -Xms100m -Xlog:disable -javaagent:c:\Users\yashw\.vscode\extensions\redhat.java-1.45.0-win32-x64\lombok\lombok-1.18.39-4050.jar -XX:+HeapDumpOnOutOfMemoryError -XX:HeapDumpPath=c:\Users\yashw\AppData\Roaming\Code\User\workspaceStorage\587402c47306005fa7d2fe3c6892794a\redhat.java -Daether.dependencyCollector.impl=bf c:\Users\yashw\.vscode\extensions\redhat.java-1.45.0-win32-x64\server\plugins\org.eclipse.equinox.launcher_1.7.0.v20250519-0528.jar -configuration c:\Users\yashw\AppData\Roaming\Code\User\globalStorage\redhat.java\1.45.0\config_win -data c:\Users\yashw\AppData\Roaming\Code\User\workspaceStorage\587402c47306005fa7d2fe3c6892794a\redhat.java\jdt_ws --pipe=\\.\pipe\lsp-ba741369dd25b2803f72db2723c7bb83-sock

Host: 12th Gen Intel(R) Core(TM) i5-1240P, 16 cores, 15G,  Windows 11 , 64 bit Build 26100 (10.0.26100.5074)
Time: Thu Sep 25 21:10:02 2025 India Standard Time elapsed time: 13.386772 seconds (0d 0h 0m 13s)

---------------  T H R E A D  ---------------

Current thread (0x000001ed052eacb0):  JavaThread "C2 CompilerThread1" daemon [_thread_in_native, id=25304, stack(0x0000008f09200000,0x0000008f09300000) (1024K)]


Current CompileTask:
C2:13386 12910   !   4       org.eclipse.jdt.internal.compiler.classfmt.ClassFileReader::<init> (1968 bytes)

Stack: [0x0000008f09200000,0x0000008f09300000]
Native frames: (J=compiled Java code, j=interpreted, Vv=VM code, C=native code)
V  [jvm.dll+0x6d2449]
V  [jvm.dll+0x8ae341]
V  [jvm.dll+0x8b08be]
V  [jvm.dll+0x8b0fa3]
V  [jvm.dll+0x280c96]
V  [jvm.dll+0xc581d]
V  [jvm.dll+0xc5d53]
V  [jvm.dll+0x3b919c]
V  [jvm.dll+0x1e108a]
V  [jvm.dll+0x249022]
V  [jvm.dll+0x2484af]
V  [jvm.dll+0x1c89ee]
V  [jvm.dll+0x257d4d]
V  [jvm.dll+0x2562ea]
V  [jvm.dll+0x3f2d16]
V  [jvm.dll+0x857e6b]
V  [jvm.dll+0x6d0b0d]
C  [ucrtbase.dll+0x37b0]
C  [KERNEL32.DLL+0x2e8d7]
C  [ntdll.dll+0x8d9c]


---------------  P R O C E S S  ---------------

Threads class SMR info:
_java_thread_list=0x000001ed7f451e90, length=104, elements={
0x000001ed1f65dcd0, 0x000001ed219ce700, 0x000001ed21ac3b10, 0x000001ed21ac68c0,
0x000001ed21ac88d0, 0x000001ed21aca6f0, 0x000001ed21ad5570, 0x000001ed7a7fd0c0,
0x000001ed7a826280, 0x000001ed7a8ec700, 0x000001ed21a8f290, 0x000001ed7ab2c1c0,
0x000001ed7ab2d070, 0x000001ed7c0d3e00, 0x000001ed7cb04620, 0x000001ed7ca17620,
0x000001ed7ca19070, 0x000001ed7c9691f0, 0x000001ed7d607c60, 0x000001ed7d3cc8e0,
0x000001ed7cc02470, 0x000001ed7cc03190, 0x000001ed7cc010c0, 0x000001ed7cc03820,
0x000001ed7cc03eb0, 0x000001ed7cc01750, 0x000001ed7cc00a30, 0x000001ed046cd6e0,
0x000001ed046cc330, 0x000001ed046cdd70, 0x000001ed046cea90, 0x000001ed046cc9c0,
0x000001ed046cbca0, 0x000001ed046ce400, 0x000001ed046cf120, 0x000001ed046cf7b0,
0x000001ed046cfe40, 0x000001ed046d04d0, 0x000001ed046cd050, 0x000001ed046d1880,
0x000001ed046d25a0, 0x000001ed046d1f10, 0x000001ed046d32c0, 0x000001ed046d0b60,
0x000001ed046d11f0, 0x000001ed046d2c30, 0x000001ed05096580, 0x000001ed05097fc0,
0x000001ed05099370, 0x000001ed05097930, 0x000001ed05098650, 0x000001ed05095ef0,
0x000001ed05098ce0, 0x000001ed050972a0, 0x000001ed05099a00, 0x000001ed0509a090,
0x000001ed05096c10, 0x000001ed0509c160, 0x000001ed0509a720, 0x000001ed0509c7f0,
0x000001ed0509ce80, 0x000001ed0509d510, 0x000001ed0509bad0, 0x000001ed0509adb0,
0x000001ed0509b440, 0x000001ed052ffcc0, 0x000001ed052fdbf0, 0x000001ed05300350,
0x000001ed052fe280, 0x000001ed052fefa0, 0x000001ed053009e0, 0x000001ed052ff630,
0x000001ed052fe910, 0x000001ed052fd560, 0x000001ed7c478840, 0x000001ed7c477490,
0x000001ed7c479560, 0x000001ed7c479bf0, 0x000001ed7c4781b0, 0x000001ed7c47a280,
0x000001ed7c478ed0, 0x000001ed7c47a910, 0x000001ed7c47afa0, 0x000001ed7c477b20,
0x000001ed7c47bcc0, 0x000001ed7c47eab0, 0x000001ed7c47b630, 0x000001ed7c47c9e0,
0x000001ed7c47c350, 0x000001ed7c47d070, 0x000001ed7c47d700, 0x000001ed7c47e420,
0x000001ed7c47dd90, 0x000001ed7cc01de0, 0x000001ed052eacb0, 0x000001ed052e7630,
0x000001ed052ec120, 0x000001ed7decacf0, 0x000001ed7decb380, 0x000001ed7dec7f00,
0x000001ed7decba10, 0x000001ed7dec8c20, 0x000001ed7deca660, 0x000001ed7dec8590
}

Java Threads: ( => current thread )
  0x000001ed1f65dcd0 JavaThread "main"                              [_thread_blocked, id=15772, stack(0x0000008f08400000,0x0000008f08500000) (1024K)]
  0x000001ed219ce700 JavaThread "Reference Handler"          daemon [_thread_blocked, id=51068, stack(0x0000008f08800000,0x0000008f08900000) (1024K)]
  0x000001ed21ac3b10 JavaThread "Finalizer"                  daemon [_thread_blocked, id=36104, stack(0x0000008f08900000,0x0000008f08a00000) (1024K)]
  0x000001ed21ac68c0 JavaThread "Signal Dispatcher"          daemon [_thread_blocked, id=34216, stack(0x0000008f08a00000,0x0000008f08b00000) (1024K)]
  0x000001ed21ac88d0 JavaThread "Attach Listener"            daemon [_thread_blocked, id=50144, stack(0x0000008f08b00000,0x0000008f08c00000) (1024K)]
  0x000001ed21aca6f0 JavaThread "Service Thread"             daemon [_thread_blocked, id=2436, stack(0x0000008f08c00000,0x0000008f08d00000) (1024K)]
  0x000001ed21ad5570 JavaThread "Monitor Deflation Thread"   daemon [_thread_blocked, id=16772, stack(0x0000008f08d00000,0x0000008f08e00000) (1024K)]
  0x000001ed7a7fd0c0 JavaThread "C2 CompilerThread0"         daemon [_thread_blocked, id=47488, stack(0x0000008f08e00000,0x0000008f08f00000) (1024K)]
  0x000001ed7a826280 JavaThread "C1 CompilerThread0"         daemon [_thread_blocked, id=18908, stack(0x0000008f08f00000,0x0000008f09000000) (1024K)]
  0x000001ed7a8ec700 JavaThread "C1 CompilerThread1"         daemon [_thread_blocked, id=44880, stack(0x0000008f09000000,0x0000008f09100000) (1024K)]
  0x000001ed21a8f290 JavaThread "Common-Cleaner"             daemon [_thread_blocked, id=28728, stack(0x0000008f09100000,0x0000008f09200000) (1024K)]
  0x000001ed7ab2c1c0 JavaThread "C1 CompilerThread2"         daemon [_thread_blocked, id=51112, stack(0x0000008f09300000,0x0000008f09400000) (1024K)]
  0x000001ed7ab2d070 JavaThread "C1 CompilerThread3"         daemon [_thread_blocked, id=35940, stack(0x0000008f09400000,0x0000008f09500000) (1024K)]
  0x000001ed7c0d3e00 JavaThread "Notification Thread"        daemon [_thread_blocked, id=31044, stack(0x0000008f09500000,0x0000008f09600000) (1024K)]
  0x000001ed7cb04620 JavaThread "Active Thread: Equinox Container: 18e5cfb0-d4bf-4709-8eed-d4c1b3189324"        [_thread_blocked, id=25632, stack(0x0000008f09e00000,0x0000008f09f00000) (1024K)]
  0x000001ed7ca17620 JavaThread "Refresh Thread: Equinox Container: 18e5cfb0-d4bf-4709-8eed-d4c1b3189324" daemon [_thread_blocked, id=37092, stack(0x0000008f0a000000,0x0000008f0a100000) (1024K)]
  0x000001ed7ca19070 JavaThread "Framework Event Dispatcher: Equinox Container: 18e5cfb0-d4bf-4709-8eed-d4c1b3189324" daemon [_thread_blocked, id=32312, stack(0x0000008f0a100000,0x0000008f0a200000) (1024K)]
  0x000001ed7c9691f0 JavaThread "Start Level: Equinox Container: 18e5cfb0-d4bf-4709-8eed-d4c1b3189324" daemon [_thread_blocked, id=33084, stack(0x0000008f0a200000,0x0000008f0a300000) (1024K)]
  0x000001ed7d607c60 JavaThread "Bundle File Closer"         daemon [_thread_blocked, id=46540, stack(0x0000008f0a600000,0x0000008f0a700000) (1024K)]
  0x000001ed7d3cc8e0 JavaThread "SCR Component Actor"        daemon [_thread_blocked, id=47992, stack(0x0000008f09700000,0x0000008f09800000) (1024K)]
  0x000001ed7cc02470 JavaThread "Worker-JM"                         [_thread_blocked, id=29844, stack(0x0000008f0a900000,0x0000008f0aa00000) (1024K)]
  0x000001ed7cc03190 JavaThread "JNA Cleaner"                daemon [_thread_blocked, id=49048, stack(0x0000008f0ab00000,0x0000008f0ac00000) (1024K)]
  0x000001ed7cc010c0 JavaThread "Worker-0"                          [_thread_blocked, id=34112, stack(0x0000008f0ac00000,0x0000008f0ad00000) (1024K)]
  0x000001ed7cc03820 JavaThread "Worker-1"                          [_thread_blocked, id=45548, stack(0x0000008f0ad00000,0x0000008f0ae00000) (1024K)]
  0x000001ed7cc03eb0 JavaThread "Worker-2"                          [_thread_blocked, id=36304, stack(0x0000008f0ae00000,0x0000008f0af00000) (1024K)]
  0x000001ed7cc01750 JavaThread "Java indexing"              daemon [_thread_blocked, id=38260, stack(0x0000008f0af00000,0x0000008f0b000000) (1024K)]
  0x000001ed7cc00a30 JavaThread "Worker-3: Initialize workspace"        [_thread_blocked, id=37204, stack(0x0000008f0b100000,0x0000008f0b200000) (1024K)]
  0x000001ed046cd6e0 JavaThread "Worker-4"                          [_thread_blocked, id=35708, stack(0x0000008f0b400000,0x0000008f0b500000) (1024K)]
  0x000001ed046cc330 JavaThread "Worker-5: Publish Diagnostics"        [_thread_blocked, id=43488, stack(0x0000008f0b500000,0x0000008f0b600000) (1024K)]
  0x000001ed046cdd70 JavaThread "Thread-2"                   daemon [_thread_in_native, id=49996, stack(0x0000008f0b600000,0x0000008f0b700000) (1024K)]
  0x000001ed046cea90 JavaThread "Thread-3"                   daemon [_thread_in_native, id=47932, stack(0x0000008f0b700000,0x0000008f0b800000) (1024K)]
  0x000001ed046cc9c0 JavaThread "Thread-4"                   daemon [_thread_in_native, id=35904, stack(0x0000008f0b800000,0x0000008f0b900000) (1024K)]
  0x000001ed046cbca0 JavaThread "Thread-5"                   daemon [_thread_in_native, id=31112, stack(0x0000008f0b900000,0x0000008f0ba00000) (1024K)]
  0x000001ed046ce400 JavaThread "Thread-6"                   daemon [_thread_in_native, id=48212, stack(0x0000008f0ba00000,0x0000008f0bb00000) (1024K)]
  0x000001ed046cf120 JavaThread "Thread-7"                   daemon [_thread_in_native, id=35300, stack(0x0000008f0bb00000,0x0000008f0bc00000) (1024K)]
  0x000001ed046cf7b0 JavaThread "Thread-8"                   daemon [_thread_in_native, id=49928, stack(0x0000008f0bc00000,0x0000008f0bd00000) (1024K)]
  0x000001ed046cfe40 JavaThread "Thread-9"                   daemon [_thread_in_native, id=50988, stack(0x0000008f0bd00000,0x0000008f0be00000) (1024K)]
  0x000001ed046d04d0 JavaThread "Thread-10"                  daemon [_thread_in_native, id=35820, stack(0x0000008f0be00000,0x0000008f0bf00000) (1024K)]
  0x000001ed046cd050 JavaThread "Thread-11"                  daemon [_thread_in_native, id=32824, stack(0x0000008f0bf00000,0x0000008f0c000000) (1024K)]
  0x000001ed046d1880 JavaThread "Thread-12"                  daemon [_thread_in_native, id=38472, stack(0x0000008f0c000000,0x0000008f0c100000) (1024K)]
  0x000001ed046d25a0 JavaThread "Thread-13"                  daemon [_thread_in_native, id=16100, stack(0x0000008f0c100000,0x0000008f0c200000) (1024K)]
  0x000001ed046d1f10 JavaThread "Thread-14"                  daemon [_thread_in_native, id=36996, stack(0x0000008f0c200000,0x0000008f0c300000) (1024K)]
  0x000001ed046d32c0 JavaThread "Thread-15"                  daemon [_thread_in_native, id=38080, stack(0x0000008f0c300000,0x0000008f0c400000) (1024K)]
  0x000001ed046d0b60 JavaThread "Thread-16"                  daemon [_thread_in_native, id=34272, stack(0x0000008f0c400000,0x0000008f0c500000) (1024K)]
  0x000001ed046d11f0 JavaThread "Thread-17"                  daemon [_thread_in_native, id=44824, stack(0x0000008f0c500000,0x0000008f0c600000) (1024K)]
  0x000001ed046d2c30 JavaThread "Thread-18"                  daemon [_thread_in_native, id=37652, stack(0x0000008f0c600000,0x0000008f0c700000) (1024K)]
  0x000001ed05096580 JavaThread "pool-2-thread-1"                   [_thread_blocked, id=30160, stack(0x0000008f0c700000,0x0000008f0c800000) (1024K)]
  0x000001ed05097fc0 JavaThread "WorkspaceEventsHandler"            [_thread_blocked, id=42936, stack(0x0000008f0c900000,0x0000008f0ca00000) (1024K)]
  0x000001ed05099370 JavaThread "pool-1-thread-1"                   [_thread_blocked, id=32120, stack(0x0000008f0ca00000,0x0000008f0cb00000) (1024K)]
  0x000001ed05097930 JavaThread "Keep-Alive-Timer"           daemon [_thread_blocked, id=48056, stack(0x0000008f0cb00000,0x0000008f0cc00000) (1024K)]
  0x000001ed05098650 JavaThread "Equinox resolver thread - Equinox Container: 18e5cfb0-d4bf-4709-8eed-d4c1b3189324" daemon [_thread_blocked, id=41948, stack(0x0000008f0cc00000,0x0000008f0cd00000) (1024K)]
  0x000001ed05095ef0 JavaThread "Equinox resolver thread - Equinox Container: 18e5cfb0-d4bf-4709-8eed-d4c1b3189324" daemon [_thread_blocked, id=17760, stack(0x0000008f0cd00000,0x0000008f0ce00000) (1024K)]
  0x000001ed05098ce0 JavaThread "Equinox resolver thread - Equinox Container: 18e5cfb0-d4bf-4709-8eed-d4c1b3189324" daemon [_thread_blocked, id=44480, stack(0x0000008f0ce00000,0x0000008f0cf00000) (1024K)]
  0x000001ed050972a0 JavaThread "Equinox resolver thread - Equinox Container: 18e5cfb0-d4bf-4709-8eed-d4c1b3189324" daemon [_thread_blocked, id=48780, stack(0x0000008f0cf00000,0x0000008f0d000000) (1024K)]
  0x000001ed05099a00 JavaThread "Equinox resolver thread - Equinox Container: 18e5cfb0-d4bf-4709-8eed-d4c1b3189324" daemon [_thread_blocked, id=48048, stack(0x0000008f0d000000,0x0000008f0d100000) (1024K)]
  0x000001ed0509a090 JavaThread "Equinox resolver thread - Equinox Container: 18e5cfb0-d4bf-4709-8eed-d4c1b3189324" daemon [_thread_blocked, id=14040, stack(0x0000008f0d100000,0x0000008f0d200000) (1024K)]
  0x000001ed05096c10 JavaThread "Equinox resolver thread - Equinox Container: 18e5cfb0-d4bf-4709-8eed-d4c1b3189324" daemon [_thread_blocked, id=40748, stack(0x0000008f0d200000,0x0000008f0d300000) (1024K)]
  0x000001ed0509c160 JavaThread "Equinox resolver thread - Equinox Container: 18e5cfb0-d4bf-4709-8eed-d4c1b3189324" daemon [_thread_blocked, id=33436, stack(0x0000008f0d300000,0x0000008f0d400000) (1024K)]
  0x000001ed0509a720 JavaThread "Equinox resolver thread - Equinox Container: 18e5cfb0-d4bf-4709-8eed-d4c1b3189324" daemon [_thread_blocked, id=50292, stack(0x0000008f0d400000,0x0000008f0d500000) (1024K)]
  0x000001ed0509c7f0 JavaThread "Equinox resolver thread - Equinox Container: 18e5cfb0-d4bf-4709-8eed-d4c1b3189324" daemon [_thread_blocked, id=45468, stack(0x0000008f0d500000,0x0000008f0d600000) (1024K)]
  0x000001ed0509ce80 JavaThread "Equinox resolver thread - Equinox Container: 18e5cfb0-d4bf-4709-8eed-d4c1b3189324" daemon [_thread_blocked, id=45068, stack(0x0000008f0d600000,0x0000008f0d700000) (1024K)]
  0x000001ed0509d510 JavaThread "Equinox resolver thread - Equinox Container: 18e5cfb0-d4bf-4709-8eed-d4c1b3189324" daemon [_thread_blocked, id=45888, stack(0x0000008f0d700000,0x0000008f0d800000) (1024K)]
  0x000001ed0509bad0 JavaThread "Equinox resolver thread - Equinox Container: 18e5cfb0-d4bf-4709-8eed-d4c1b3189324" daemon [_thread_blocked, id=33848, stack(0x0000008f0d800000,0x0000008f0d900000) (1024K)]
  0x000001ed0509adb0 JavaThread "Equinox resolver thread - Equinox Container: 18e5cfb0-d4bf-4709-8eed-d4c1b3189324" daemon [_thread_blocked, id=47740, stack(0x0000008f0d900000,0x0000008f0da00000) (1024K)]
  0x000001ed0509b440 JavaThread "Equinox resolver thread - Equinox Container: 18e5cfb0-d4bf-4709-8eed-d4c1b3189324" daemon [_thread_blocked, id=52176, stack(0x0000008f0da00000,0x0000008f0db00000) (1024K)]
  0x000001ed052ffcc0 JavaThread "Equinox resolver thread - Equinox Container: 18e5cfb0-d4bf-4709-8eed-d4c1b3189324" daemon [_thread_blocked, id=48888, stack(0x0000008f0db00000,0x0000008f0dc00000) (1024K)]
  0x000001ed052fdbf0 JavaThread "ForkJoinPool.commonPool-worker-1" daemon [_thread_blocked, id=26440, stack(0x0000008f0dc00000,0x0000008f0dd00000) (1024K)]
  0x000001ed05300350 JavaThread "LocalFile Deleter"          daemon [_thread_blocked, id=4408, stack(0x0000008f0dd00000,0x0000008f0de00000) (1024K)]
  0x000001ed052fe280 JavaThread "LocalFile Deleter"          daemon [_thread_blocked, id=40996, stack(0x0000008f0de00000,0x0000008f0df00000) (1024K)]
  0x000001ed052fefa0 JavaThread "LocalFile Deleter"          daemon [_thread_blocked, id=34700, stack(0x0000008f0df00000,0x0000008f0e000000) (1024K)]
  0x000001ed053009e0 JavaThread "LocalFile Deleter"          daemon [_thread_blocked, id=44112, stack(0x0000008f0e000000,0x0000008f0e100000) (1024K)]
  0x000001ed052ff630 JavaThread "LocalFile Deleter"          daemon [_thread_blocked, id=11428, stack(0x0000008f0e100000,0x0000008f0e200000) (1024K)]
  0x000001ed052fe910 JavaThread "LocalFile Deleter"          daemon [_thread_blocked, id=40048, stack(0x0000008f0e200000,0x0000008f0e300000) (1024K)]
  0x000001ed052fd560 JavaThread "LocalFile Deleter"          daemon [_thread_blocked, id=36068, stack(0x0000008f0e300000,0x0000008f0e400000) (1024K)]
  0x000001ed7c478840 JavaThread "LocalFile Deleter"          daemon [_thread_blocked, id=8644, stack(0x0000008f0e400000,0x0000008f0e500000) (1024K)]
  0x000001ed7c477490 JavaThread "Compiler Source File Reader" daemon [_thread_blocked, id=37584, stack(0x0000008f0e500000,0x0000008f0e600000) (1024K)]
  0x000001ed7c479560 JavaThread "Compiler Source File Reader" daemon [_thread_blocked, id=7740, stack(0x0000008f0e600000,0x0000008f0e700000) (1024K)]
  0x000001ed7c479bf0 JavaThread "Compiler Source File Reader" daemon [_thread_blocked, id=47520, stack(0x0000008f0e700000,0x0000008f0e800000) (1024K)]
  0x000001ed7c4781b0 JavaThread "Compiler Source File Reader" daemon [_thread_blocked, id=45764, stack(0x0000008f0e800000,0x0000008f0e900000) (1024K)]
  0x000001ed7c47a280 JavaThread "Compiler Source File Reader" daemon [_thread_blocked, id=50124, stack(0x0000008f0e900000,0x0000008f0ea00000) (1024K)]
  0x000001ed7c478ed0 JavaThread "Compiler Source File Reader" daemon [_thread_blocked, id=31396, stack(0x0000008f0ea00000,0x0000008f0eb00000) (1024K)]
  0x000001ed7c47a910 JavaThread "Compiler Processing Task"   daemon [_thread_blocked, id=47604, stack(0x0000008f0eb00000,0x0000008f0ec00000) (1024K)]
  0x000001ed7c47afa0 JavaThread "Compiler Class File Writer" daemon [_thread_blocked, id=52136, stack(0x0000008f0ec00000,0x0000008f0ed00000) (1024K)]
  0x000001ed7c477b20 JavaThread "Compiler Class File Writer" daemon [_thread_blocked, id=4864, stack(0x0000008f0ed00000,0x0000008f0ee00000) (1024K)]
  0x000001ed7c47bcc0 JavaThread "Compiler Class File Writer" daemon [_thread_blocked, id=51028, stack(0x0000008f0ee00000,0x0000008f0ef00000) (1024K)]
  0x000001ed7c47eab0 JavaThread "Compiler Class File Writer" daemon [_thread_blocked, id=39656, stack(0x0000008f0ef00000,0x0000008f0f000000) (1024K)]
  0x000001ed7c47b630 JavaThread "Compiler Class File Writer" daemon [_thread_blocked, id=46040, stack(0x0000008f0f000000,0x0000008f0f100000) (1024K)]
  0x000001ed7c47c9e0 JavaThread "Compiler Class File Writer" daemon [_thread_blocked, id=31032, stack(0x0000008f0f100000,0x0000008f0f200000) (1024K)]
  0x000001ed7c47c350 JavaThread "Compiler Source File Reader" daemon [_thread_blocked, id=9364, stack(0x0000008f0f200000,0x0000008f0f300000) (1024K)]
  0x000001ed7c47d070 JavaThread "Compiler Class File Writer" daemon [_thread_blocked, id=35408, stack(0x0000008f0a700000,0x0000008f0a800000) (1024K)]
  0x000001ed7c47d700 JavaThread "ForkJoinPool.commonPool-worker-2" daemon [_thread_blocked, id=10936, stack(0x0000008f0b000000,0x0000008f0b100000) (1024K)]
  0x000001ed7c47e420 JavaThread "ForkJoinPool.commonPool-worker-3" daemon [_thread_blocked, id=44620, stack(0x0000008f0f300000,0x0000008f0f400000) (1024K)]
  0x000001ed7c47dd90 JavaThread "ForkJoinPool.commonPool-worker-4" daemon [_thread_blocked, id=3392, stack(0x0000008f0f400000,0x0000008f0f500000) (1024K)]
  0x000001ed7cc01de0 JavaThread "ForkJoinPool.commonPool-worker-5" daemon [_thread_blocked, id=35696, stack(0x0000008f0f500000,0x0000008f0f600000) (1024K)]
=>0x000001ed052eacb0 JavaThread "C2 CompilerThread1"         daemon [_thread_in_native, id=25304, stack(0x0000008f09200000,0x0000008f09300000) (1024K)]
  0x000001ed052e7630 JavaThread "C2 CompilerThread2"         daemon [_thread_in_native, id=48156, stack(0x0000008f09600000,0x0000008f09700000) (1024K)]
  0x000001ed052ec120 JavaThread "C2 CompilerThread3"         daemon [_thread_in_native, id=44296, stack(0x0000008f0f600000,0x0000008f0f700000) (1024K)]
  0x000001ed7decacf0 JavaThread "ForkJoinPool.commonPool-worker-6" daemon [_thread_blocked, id=37500, stack(0x0000008f0f700000,0x0000008f0f800000) (1024K)]
  0x000001ed7decb380 JavaThread "ForkJoinPool.commonPool-worker-7" daemon [_thread_in_vm, id=932, stack(0x0000008f0f800000,0x0000008f0f900000) (1024K)]
  0x000001ed7dec7f00 JavaThread "ForkJoinPool.commonPool-worker-8" daemon [_thread_blocked, id=18108, stack(0x0000008f0f900000,0x0000008f0fa00000) (1024K)]
  0x000001ed7decba10 JavaThread "ForkJoinPool.commonPool-worker-9" daemon [_thread_blocked, id=19176, stack(0x0000008f0fa00000,0x0000008f0fb00000) (1024K)]
  0x000001ed7dec8c20 JavaThread "ForkJoinPool.commonPool-worker-10" daemon [_thread_blocked, id=51400, stack(0x0000008f0fb00000,0x0000008f0fc00000) (1024K)]
  0x000001ed7deca660 JavaThread "SCR Component Registry"     daemon [_thread_blocked, id=16176, stack(0x0000008f0fc00000,0x0000008f0fd00000) (1024K)]
  0x000001ed7dec8590 JavaThread "Thread-20"                  daemon [_thread_blocked, id=19208, stack(0x0000008f0fd00000,0x0000008f0fe00000) (1024K)]
Total: 104

Other Threads:
  0x000001ed219b38b0 VMThread "VM Thread"                           [id=47228, stack(0x0000008f08700000,0x0000008f08800000) (1024K)]
  0x000001ed218aca00 WatcherThread "VM Periodic Task Thread"        [id=32076, stack(0x0000008f08600000,0x0000008f08700000) (1024K)]
  0x000001ed21a3dd30 WorkerThread "GC Thread#0"                     [id=48556, stack(0x0000008f08500000,0x0000008f08600000) (1024K)]
  0x000001ed7c8b4ca0 WorkerThread "GC Thread#1"                     [id=42720, stack(0x0000008f09800000,0x0000008f09900000) (1024K)]
  0x000001ed7c8b5040 WorkerThread "GC Thread#2"                     [id=33124, stack(0x0000008f09900000,0x0000008f09a00000) (1024K)]
  0x000001ed7c8b7440 WorkerThread "GC Thread#3"                     [id=42820, stack(0x0000008f09a00000,0x0000008f09b00000) (1024K)]
  0x000001ed7c8b77e0 WorkerThread "GC Thread#4"                     [id=49360, stack(0x0000008f09b00000,0x0000008f09c00000) (1024K)]
  0x000001ed7c8b7b80 WorkerThread "GC Thread#5"                     [id=42800, stack(0x0000008f09c00000,0x0000008f09d00000) (1024K)]
  0x000001ed7c5a09b0 WorkerThread "GC Thread#6"                     [id=26780, stack(0x0000008f09d00000,0x0000008f09e00000) (1024K)]
  0x000001ed7cf68510 WorkerThread "GC Thread#7"                     [id=35936, stack(0x0000008f09f00000,0x0000008f0a000000) (1024K)]
  0x000001ed7cb95fd0 WorkerThread "GC Thread#8"                     [id=44544, stack(0x0000008f0a300000,0x0000008f0a400000) (1024K)]
  0x000001ed7d1ae210 WorkerThread "GC Thread#9"                     [id=45280, stack(0x0000008f0a400000,0x0000008f0a500000) (1024K)]
  0x000001ed7d1ae5b0 WorkerThread "GC Thread#10"                    [id=48956, stack(0x0000008f0a500000,0x0000008f0a600000) (1024K)]
  0x000001ed7d1af7d0 WorkerThread "GC Thread#11"                    [id=49036, stack(0x0000008f0a800000,0x0000008f0a900000) (1024K)]
  0x000001ed7d1aecf0 WorkerThread "GC Thread#12"                    [id=37268, stack(0x0000008f0aa00000,0x0000008f0ab00000) (1024K)]
Total: 15

Threads with active compile tasks:
C2 CompilerThread0  13421 13144       4       org.eclipse.jdt.internal.compiler.lookup.LookupEnvironment::getCachedType0 (112 bytes)
C1 CompilerThread0  13421 13169  s!   3       java.lang.StackTraceElement::computeFormat (71 bytes)
C1 CompilerThread1  13422 13170       3       java.lang.Module::getLayer (43 bytes)
C1 CompilerThread2  13422 13172       3       java.nio.Buffer::flip (20 bytes)
C1 CompilerThread3  13424 13171       3       org.eclipse.osgi.internal.log.EquinoxLogWriter::writeSpace (7 bytes)
C2 CompilerThread1  13424 12910   !   4       org.eclipse.jdt.internal.compiler.classfmt.ClassFileReader::<init> (1968 bytes)
C2 CompilerThread2  13425 12902       4       org.lombokweb.asm.SymbolTable::<init> (554 bytes)
C2 CompilerThread3  13425 12743       4       org.eclipse.jdt.internal.compiler.lookup.BinaryTypeBinding::createMethod (1666 bytes)
Total: 8

VM state: not at safepoint (normal execution)

VM Mutex/Monitor currently owned by a thread:  ([mutex/lock_event])
[0x00007ffa263f3fd8] MethodCompileQueue_lock - owner thread: 0x0000000000000000

Heap address: 0x0000000080000000, size: 2048 MB, Compressed Oops mode: 32-bit

CDS archive(s) mapped at: [0x000001ed39000000-0x000001ed39ba0000-0x000001ed39ba0000), size 12189696, SharedBaseAddress: 0x000001ed39000000, ArchiveRelocationMode: 1.
Compressed class space mapped at: 0x000001ed3a000000-0x000001ed7a000000, reserved size: 1073741824
Narrow klass base: 0x000001ed39000000, Narrow klass shift: 0, Narrow klass range: 0x100000000

GC Precious Log:
 CardTable entry size: 512
 CPUs: 16 total, 16 available
 Memory: 16052M
 Large Page Support: Disabled
 NUMA Support: Disabled
 Compressed Oops: Enabled (32-bit)
 Alignments: Space 512K, Generation 512K, Heap 2M
 Heap Min Capacity: 100M
 Heap Initial Capacity: 100M
 Heap Max Capacity: 2G
 Pre-touch: Disabled
 Parallel Workers: 13

Heap:
 PSYoungGen      total 17920K, used 8620K [0x00000000d5580000, 0x00000000d7100000, 0x0000000100000000)
  eden space 11776K, 22% used [0x00000000d5580000,0x00000000d5820138,0x00000000d6100000)
  from space 6144K, 96% used [0x00000000d6200000,0x00000000d67cb210,0x00000000d6800000)
  to   space 8192K, 0% used [0x00000000d6900000,0x00000000d6900000,0x00000000d7100000)
 ParOldGen       total 145920K, used 145742K [0x0000000080000000, 0x0000000088e80000, 0x00000000d5580000)
  object space 145920K, 99% used [0x0000000080000000,0x0000000088e53b58,0x0000000088e80000)
 Metaspace       used 72984K, committed 74560K, reserved 1179648K
  class space    used 7759K, committed 8448K, reserved 1048576K

Card table byte_map: [0x000001ed213c0000,0x000001ed217d0000] _byte_map_base: 0x000001ed20fc0000

Marking Bits: (ParMarkBitMap*) 0x00007ffa263fa340
 Begin Bits: [0x000001ed33ec0000, 0x000001ed35ec0000)
 End Bits:   [0x000001ed35ec0000, 0x000001ed37ec0000)

Polling page: 0x000001ed1f830000

Metaspace:

Usage:
  Non-class:     63.70 MB used.
      Class:      7.58 MB used.
       Both:     71.27 MB used.

Virtual space:
  Non-class space:      128.00 MB reserved,      64.56 MB ( 50%) committed,  2 nodes.
      Class space:        1.00 GB reserved,       8.25 MB ( <1%) committed,  1 nodes.
             Both:        1.12 GB reserved,      72.81 MB (  6%) committed. 

Chunk freelists:
   Non-Class:  15.47 MB
       Class:  7.59 MB
        Both:  23.06 MB

MaxMetaspaceSize: unlimited
CompressedClassSpaceSize: 1.00 GB
Initial GC threshold: 21.00 MB
Current GC threshold: 97.31 MB
CDS: on
 - commit_granule_bytes: 65536.
 - commit_granule_words: 8192.
 - virtual_space_node_default_size: 8388608.
 - enlarge_chunks_in_place: 1.
 - use_allocation_guard: 0.


Internal statistics:

num_allocs_failed_limit: 9.
num_arena_births: 1248.
num_arena_deaths: 14.
num_vsnodes_births: 3.
num_vsnodes_deaths: 0.
num_space_committed: 1165.
num_space_uncommitted: 0.
num_chunks_returned_to_freelist: 23.
num_chunks_taken_from_freelist: 4669.
num_chunk_merges: 7.
num_chunk_splits: 2770.
num_chunks_enlarged: 1393.
num_inconsistent_stats: 0.

CodeHeap 'non-profiled nmethods': size=119168Kb used=7322Kb max_used=7322Kb free=111845Kb
 bounds [0x000001ed2c7b0000, 0x000001ed2cee0000, 0x000001ed33c10000]
CodeHeap 'profiled nmethods': size=119104Kb used=27283Kb max_used=27283Kb free=91820Kb
 bounds [0x000001ed24c10000, 0x000001ed266c0000, 0x000001ed2c060000]
CodeHeap 'non-nmethods': size=7488Kb used=3181Kb max_used=3243Kb free=4306Kb
 bounds [0x000001ed2c060000, 0x000001ed2c3a0000, 0x000001ed2c7b0000]
CodeCache: size=245760Kb, used=37786Kb, max_used=37848Kb, free=207971Kb
 total_blobs=13071, nmethods=12263, adapters=710, full_count=0
Compilation: enabled, stopped_count=0, restarted_count=0

Compilation events (20 events):
Event: 13.376 Thread 0x000001ed7a826280 13127       3       jdk.internal.misc.Unsafe::freeMemory (18 bytes)
Event: 13.376 Thread 0x000001ed7ab2d070 13128       3       org.eclipse.jdt.internal.compiler.ast.Expression::computeConversion (372 bytes)
Event: 13.376 Thread 0x000001ed7ab2c1c0 13129       1       org.eclipse.jdt.internal.compiler.lookup.TypeBinding::isUnboundWildcard (2 bytes)
Event: 13.376 Thread 0x000001ed7ab2c1c0 nmethod 13129 0x000001ed2ced1a90 code [0x000001ed2ced1c20, 0x000001ed2ced1ce8]
Event: 13.376 Thread 0x000001ed7a826280 nmethod 13127 0x000001ed2669bc90 code [0x000001ed2669be60, 0x000001ed2669c140]
Event: 13.377 Thread 0x000001ed7ab2c1c0 13131       3       org.eclipse.jdt.internal.compiler.lookup.PackageBinding::addNotFoundType (44 bytes)
Event: 13.377 Thread 0x000001ed7a826280 13132       3       org.eclipse.jdt.internal.compiler.problem.ProblemReporter::close (6 bytes)
Event: 13.377 Thread 0x000001ed7ab2c1c0 nmethod 13131 0x000001ed2669c290 code [0x000001ed2669c460, 0x000001ed2669c720]
Event: 13.377 Thread 0x000001ed7a826280 nmethod 13132 0x000001ed2669c890 code [0x000001ed2669ca20, 0x000001ed2669cb48]
Event: 13.377 Thread 0x000001ed7a8ec700 13133       3       org.eclipse.jdt.internal.core.JavaElement::equals (57 bytes)
Event: 13.378 Thread 0x000001ed7ab2d070 nmethod 13128 0x000001ed2669cc10 code [0x000001ed2669cf60, 0x000001ed2669e3f0]
Event: 13.378 Thread 0x000001ed7a8ec700 nmethod 13133 0x000001ed2669ea10 code [0x000001ed2669ec20, 0x000001ed2669f370]
Event: 13.383 Thread 0x000001ed7a8ec700 13134       1       org.eclipse.jdt.internal.compiler.lookup.TypeBinding::isParameterizedType (2 bytes)
Event: 13.383 Thread 0x000001ed7a8ec700 nmethod 13134 0x000001ed2ced1d90 code [0x000001ed2ced1f20, 0x000001ed2ced1fe8]
Event: 13.383 Thread 0x000001ed7a8ec700 13135       3       org.eclipse.jdt.internal.compiler.lookup.VariableBinding::isStatic (14 bytes)
Event: 13.383 Thread 0x000001ed7a8ec700 nmethod 13135 0x000001ed2669f510 code [0x000001ed2669f6c0, 0x000001ed2669f838]
Event: 13.384 Thread 0x000001ed7a8ec700 13136       3       org.eclipse.jdt.internal.compiler.lookup.ModuleBinding$UnNamedModule::canAccess (77 bytes)
Event: 13.384 Thread 0x000001ed7a8ec700 nmethod 13136 0x000001ed2669f910 code [0x000001ed2669fb60, 0x000001ed266a04d0]
Event: 13.384 Thread 0x000001ed7ab2c1c0 13138       3       org.eclipse.jdt.internal.compiler.lookup.AnnotatableTypeSystem::getParameterizedType (11 bytes)
Event: 13.385 Thread 0x000001ed7ab2c1c0 nmethod 13138 0x000001ed266a0710 code [0x000001ed266a08c0, 0x000001ed266a0a20]

GC Heap History (20 events):
Event: 11.047 GC heap before
{Heap before GC invocations=58 (full 3):
 PSYoungGen      total 20992K, used 20960K [0x00000000d5580000, 0x00000000d6d00000, 0x0000000100000000)
  eden space 18944K, 100% used [0x00000000d5580000,0x00000000d6800000,0x00000000d6800000)
  from space 2048K, 98% used [0x00000000d6b00000,0x00000000d6cf8020,0x00000000d6d00000)
  to   space 2560K, 0% used [0x00000000d6800000,0x00000000d6800000,0x00000000d6a80000)
 ParOldGen       total 68608K, used 64730K [0x0000000080000000, 0x0000000084300000, 0x00000000d5580000)
  object space 68608K, 94% used [0x0000000080000000,0x0000000083f36858,0x0000000084300000)
 Metaspace       used 67586K, committed 68928K, reserved 1114112K
  class space    used 7194K, committed 7744K, reserved 1048576K
}
Event: 11.049 GC heap after
{Heap after GC invocations=58 (full 3):
 PSYoungGen      total 19968K, used 869K [0x00000000d5580000, 0x00000000d6b80000, 0x0000000100000000)
  eden space 18944K, 0% used [0x00000000d5580000,0x00000000d5580000,0x00000000d6800000)
  from space 1024K, 84% used [0x00000000d6800000,0x00000000d68d9420,0x00000000d6900000)
  to   space 1536K, 0% used [0x00000000d6a00000,0x00000000d6a00000,0x00000000d6b80000)
 ParOldGen       total 68608K, used 65530K [0x0000000080000000, 0x0000000084300000, 0x00000000d5580000)
  object space 68608K, 95% used [0x0000000080000000,0x0000000083ffe858,0x0000000084300000)
 Metaspace       used 67586K, committed 68928K, reserved 1114112K
  class space    used 7194K, committed 7744K, reserved 1048576K
}
Event: 11.743 GC heap before
{Heap before GC invocations=59 (full 3):
 PSYoungGen      total 19968K, used 19813K [0x00000000d5580000, 0x00000000d6b80000, 0x0000000100000000)
  eden space 18944K, 100% used [0x00000000d5580000,0x00000000d6800000,0x00000000d6800000)
  from space 1024K, 84% used [0x00000000d6800000,0x00000000d68d9420,0x00000000d6900000)
  to   space 1536K, 0% used [0x00000000d6a00000,0x00000000d6a00000,0x00000000d6b80000)
 ParOldGen       total 68608K, used 65530K [0x0000000080000000, 0x0000000084300000, 0x00000000d5580000)
  object space 68608K, 95% used [0x0000000080000000,0x0000000083ffe858,0x0000000084300000)
 Metaspace       used 68861K, committed 70336K, reserved 1114112K
  class space    used 7358K, committed 8000K, reserved 1048576K
}
Event: 11.744 GC heap after
{Heap after GC invocations=59 (full 3):
 PSYoungGen      total 19968K, used 664K [0x00000000d5580000, 0x00000000d6b00000, 0x0000000100000000)
  eden space 18944K, 0% used [0x00000000d5580000,0x00000000d5580000,0x00000000d6800000)
  from space 1024K, 64% used [0x00000000d6a00000,0x00000000d6aa61c8,0x00000000d6b00000)
  to   space 1024K, 0% used [0x00000000d6800000,0x00000000d6800000,0x00000000d6900000)
 ParOldGen       total 68608K, used 66140K [0x0000000080000000, 0x0000000084300000, 0x00000000d5580000)
  object space 68608K, 96% used [0x0000000080000000,0x00000000840971b8,0x0000000084300000)
 Metaspace       used 68861K, committed 70336K, reserved 1114112K
  class space    used 7358K, committed 8000K, reserved 1048576K
}
Event: 12.566 GC heap before
{Heap before GC invocations=60 (full 3):
 PSYoungGen      total 19968K, used 19608K [0x00000000d5580000, 0x00000000d6b00000, 0x0000000100000000)
  eden space 18944K, 100% used [0x00000000d5580000,0x00000000d6800000,0x00000000d6800000)
  from space 1024K, 64% used [0x00000000d6a00000,0x00000000d6aa61c8,0x00000000d6b00000)
  to   space 1024K, 0% used [0x00000000d6800000,0x00000000d6800000,0x00000000d6900000)
 ParOldGen       total 68608K, used 66140K [0x0000000080000000, 0x0000000084300000, 0x00000000d5580000)
  object space 68608K, 96% used [0x0000000080000000,0x00000000840971b8,0x0000000084300000)
 Metaspace       used 70326K, committed 71872K, reserved 1114112K
  class space    used 7501K, committed 8192K, reserved 1048576K
}
Event: 12.571 GC heap after
{Heap after GC invocations=60 (full 3):
 PSYoungGen      total 19968K, used 1005K [0x00000000d5580000, 0x00000000d6e00000, 0x0000000100000000)
  eden space 18944K, 0% used [0x00000000d5580000,0x00000000d5580000,0x00000000d6800000)
  from space 1024K, 98% used [0x00000000d6800000,0x00000000d68fb700,0x00000000d6900000)
  to   space 3072K, 0% used [0x00000000d6b00000,0x00000000d6b00000,0x00000000d6e00000)
 ParOldGen       total 68608K, used 67762K [0x0000000080000000, 0x0000000084300000, 0x00000000d5580000)
  object space 68608K, 98% used [0x0000000080000000,0x000000008422c908,0x0000000084300000)
 Metaspace       used 70326K, committed 71872K, reserved 1114112K
  class space    used 7501K, committed 8192K, reserved 1048576K
}
Event: 12.785 GC heap before
{Heap before GC invocations=61 (full 3):
 PSYoungGen      total 19968K, used 19094K [0x00000000d5580000, 0x00000000d6e00000, 0x0000000100000000)
  eden space 18944K, 95% used [0x00000000d5580000,0x00000000d672a238,0x00000000d6800000)
  from space 1024K, 98% used [0x00000000d6800000,0x00000000d68fb700,0x00000000d6900000)
  to   space 3072K, 0% used [0x00000000d6b00000,0x00000000d6b00000,0x00000000d6e00000)
 ParOldGen       total 68608K, used 67762K [0x0000000080000000, 0x0000000084300000, 0x00000000d5580000)
  object space 68608K, 98% used [0x0000000080000000,0x000000008422c908,0x0000000084300000)
 Metaspace       used 70973K, committed 72576K, reserved 1114112K
  class space    used 7564K, committed 8256K, reserved 1048576K
}
Event: 12.791 GC heap after
{Heap after GC invocations=61 (full 3):
 PSYoungGen      total 14848K, used 3045K [0x00000000d5580000, 0x00000000d7c00000, 0x0000000100000000)
  eden space 11776K, 0% used [0x00000000d5580000,0x00000000d5580000,0x00000000d6100000)
  from space 3072K, 99% used [0x00000000d6b00000,0x00000000d6df9708,0x00000000d6e00000)
  to   space 10240K, 0% used [0x00000000d6100000,0x00000000d6100000,0x00000000d6b00000)
 ParOldGen       total 74240K, used 73474K [0x0000000080000000, 0x0000000084880000, 0x00000000d5580000)
  object space 74240K, 98% used [0x0000000080000000,0x00000000847c0bd0,0x0000000084880000)
 Metaspace       used 70973K, committed 72576K, reserved 1114112K
  class space    used 7564K, committed 8256K, reserved 1048576K
}
Event: 12.872 GC heap before
{Heap before GC invocations=62 (full 3):
 PSYoungGen      total 14848K, used 14821K [0x00000000d5580000, 0x00000000d7c00000, 0x0000000100000000)
  eden space 11776K, 100% used [0x00000000d5580000,0x00000000d6100000,0x00000000d6100000)
  from space 3072K, 99% used [0x00000000d6b00000,0x00000000d6df9708,0x00000000d6e00000)
  to   space 10240K, 0% used [0x00000000d6100000,0x00000000d6100000,0x00000000d6b00000)
 ParOldGen       total 97280K, used 96454K [0x0000000080000000, 0x0000000085f00000, 0x00000000d5580000)
  object space 97280K, 99% used [0x0000000080000000,0x0000000085e31bf0,0x0000000085f00000)
 Metaspace       used 71161K, committed 72640K, reserved 1114112K
  class space    used 7591K, committed 8256K, reserved 1048576K
}
Event: 12.875 GC heap after
{Heap after GC invocations=62 (full 3):
 PSYoungGen      total 12800K, used 742K [0x00000000d5580000, 0x00000000d6b80000, 0x0000000100000000)
  eden space 11776K, 0% used [0x00000000d5580000,0x00000000d5580000,0x00000000d6100000)
  from space 1024K, 72% used [0x00000000d6100000,0x00000000d61b9a80,0x00000000d6200000)
  to   space 4096K, 0% used [0x00000000d6780000,0x00000000d6780000,0x00000000d6b80000)
 ParOldGen       total 97792K, used 97448K [0x0000000080000000, 0x0000000085f80000, 0x00000000d5580000)
  object space 97792K, 99% used [0x0000000080000000,0x0000000085f2a0c0,0x0000000085f80000)
 Metaspace       used 71161K, committed 72640K, reserved 1114112K
  class space    used 7591K, committed 8256K, reserved 1048576K
}
Event: 13.058 GC heap before
{Heap before GC invocations=63 (full 3):
 PSYoungGen      total 12800K, used 12518K [0x00000000d5580000, 0x00000000d6b80000, 0x0000000100000000)
  eden space 11776K, 100% used [0x00000000d5580000,0x00000000d6100000,0x00000000d6100000)
  from space 1024K, 72% used [0x00000000d6100000,0x00000000d61b9a80,0x00000000d6200000)
  to   space 4096K, 0% used [0x00000000d6780000,0x00000000d6780000,0x00000000d6b80000)
 ParOldGen       total 120320K, used 119467K [0x0000000080000000, 0x0000000087580000, 0x00000000d5580000)
  object space 120320K, 99% used [0x0000000080000000,0x00000000874aac00,0x0000000087580000)
 Metaspace       used 71794K, committed 73344K, reserved 1114112K
  class space    used 7650K, committed 8320K, reserved 1048576K
}
Event: 13.060 GC heap after
{Heap after GC invocations=63 (full 3):
 PSYoungGen      total 14336K, used 2455K [0x00000000d5580000, 0x00000000d6a00000, 0x0000000100000000)
  eden space 11776K, 0% used [0x00000000d5580000,0x00000000d5580000,0x00000000d6100000)
  from space 2560K, 95% used [0x00000000d6780000,0x00000000d69e5f18,0x00000000d6a00000)
  to   space 3072K, 0% used [0x00000000d6400000,0x00000000d6400000,0x00000000d6700000)
 ParOldGen       total 120320K, used 120044K [0x0000000080000000, 0x0000000087580000, 0x00000000d5580000)
  object space 120320K, 99% used [0x0000000080000000,0x000000008753b218,0x0000000087580000)
 Metaspace       used 71794K, committed 73344K, reserved 1114112K
  class space    used 7650K, committed 8320K, reserved 1048576K
}
Event: 13.147 GC heap before
{Heap before GC invocations=64 (full 3):
 PSYoungGen      total 14336K, used 14231K [0x00000000d5580000, 0x00000000d6a00000, 0x0000000100000000)
  eden space 11776K, 100% used [0x00000000d5580000,0x00000000d6100000,0x00000000d6100000)
  from space 2560K, 95% used [0x00000000d6780000,0x00000000d69e5f18,0x00000000d6a00000)
  to   space 3072K, 0% used [0x00000000d6400000,0x00000000d6400000,0x00000000d6700000)
 ParOldGen       total 120320K, used 120044K [0x0000000080000000, 0x0000000087580000, 0x00000000d5580000)
  object space 120320K, 99% used [0x0000000080000000,0x000000008753b218,0x0000000087580000)
 Metaspace       used 72052K, committed 73664K, reserved 1114112K
  class space    used 7679K, committed 8384K, reserved 1048576K
}
Event: 13.152 GC heap after
{Heap after GC invocations=64 (full 3):
 PSYoungGen      total 14848K, used 3066K [0x00000000d5580000, 0x00000000d7300000, 0x0000000100000000)
  eden space 11776K, 0% used [0x00000000d5580000,0x00000000d5580000,0x00000000d6100000)
  from space 3072K, 99% used [0x00000000d6400000,0x00000000d66fe828,0x00000000d6700000)
  to   space 9216K, 0% used [0x00000000d6a00000,0x00000000d6a00000,0x00000000d7300000)
 ParOldGen       total 124928K, used 124800K [0x0000000080000000, 0x0000000087a00000, 0x00000000d5580000)
  object space 124928K, 99% used [0x0000000080000000,0x00000000879e03b0,0x0000000087a00000)
 Metaspace       used 72052K, committed 73664K, reserved 1114112K
  class space    used 7679K, committed 8384K, reserved 1048576K
}
Event: 13.200 GC heap before
{Heap before GC invocations=65 (full 3):
 PSYoungGen      total 14848K, used 14842K [0x00000000d5580000, 0x00000000d7300000, 0x0000000100000000)
  eden space 11776K, 100% used [0x00000000d5580000,0x00000000d6100000,0x00000000d6100000)
  from space 3072K, 99% used [0x00000000d6400000,0x00000000d66fe828,0x00000000d6700000)
  to   space 9216K, 0% used [0x00000000d6a00000,0x00000000d6a00000,0x00000000d7300000)
 ParOldGen       total 124928K, used 124800K [0x0000000080000000, 0x0000000087a00000, 0x00000000d5580000)
  object space 124928K, 99% used [0x0000000080000000,0x00000000879e03b0,0x0000000087a00000)
 Metaspace       used 72299K, committed 73920K, reserved 1114112K
  class space    used 7695K, committed 8384K, reserved 1048576K
}
Event: 13.205 GC heap after
{Heap after GC invocations=65 (full 3):
 PSYoungGen      total 17920K, used 6115K [0x00000000d5580000, 0x00000000d7000000, 0x0000000100000000)
  eden space 11776K, 0% used [0x00000000d5580000,0x00000000d5580000,0x00000000d6100000)
  from space 6144K, 99% used [0x00000000d6a00000,0x00000000d6ff8c40,0x00000000d7000000)
  to   space 7168K, 0% used [0x00000000d6200000,0x00000000d6200000,0x00000000d6900000)
 ParOldGen       total 128000K, used 127880K [0x0000000080000000, 0x0000000087d00000, 0x00000000d5580000)
  object space 128000K, 99% used [0x0000000080000000,0x0000000087ce2388,0x0000000087d00000)
 Metaspace       used 72299K, committed 73920K, reserved 1114112K
  class space    used 7695K, committed 8384K, reserved 1048576K
}
Event: 13.246 GC heap before
{Heap before GC invocations=66 (full 3):
 PSYoungGen      total 17920K, used 17891K [0x00000000d5580000, 0x00000000d7000000, 0x0000000100000000)
  eden space 11776K, 100% used [0x00000000d5580000,0x00000000d6100000,0x00000000d6100000)
  from space 6144K, 99% used [0x00000000d6a00000,0x00000000d6ff8c40,0x00000000d7000000)
  to   space 7168K, 0% used [0x00000000d6200000,0x00000000d6200000,0x00000000d6900000)
 ParOldGen       total 128000K, used 127880K [0x0000000080000000, 0x0000000087d00000, 0x00000000d5580000)
  object space 128000K, 99% used [0x0000000080000000,0x0000000087ce2388,0x0000000087d00000)
 Metaspace       used 72693K, committed 74240K, reserved 1179648K
  class space    used 7746K, committed 8448K, reserved 1048576K
}
Event: 13.254 GC heap after
{Heap after GC invocations=66 (full 3):
 PSYoungGen      total 17920K, used 5657K [0x00000000d5580000, 0x00000000d6d00000, 0x0000000100000000)
  eden space 11776K, 0% used [0x00000000d5580000,0x00000000d5580000,0x00000000d6100000)
  from space 6144K, 92% used [0x00000000d6200000,0x00000000d67865d8,0x00000000d6800000)
  to   space 5120K, 0% used [0x00000000d6800000,0x00000000d6800000,0x00000000d6d00000)
 ParOldGen       total 134144K, used 133799K [0x0000000080000000, 0x0000000088300000, 0x00000000d5580000)
  object space 134144K, 99% used [0x0000000080000000,0x00000000882a9f88,0x0000000088300000)
 Metaspace       used 72693K, committed 74240K, reserved 1179648K
  class space    used 7746K, committed 8448K, reserved 1048576K
}
Event: 13.325 GC heap before
{Heap before GC invocations=67 (full 3):
 PSYoungGen      total 17920K, used 17433K [0x00000000d5580000, 0x00000000d6d00000, 0x0000000100000000)
  eden space 11776K, 100% used [0x00000000d5580000,0x00000000d6100000,0x00000000d6100000)
  from space 6144K, 92% used [0x00000000d6200000,0x00000000d67865d8,0x00000000d6800000)
  to   space 5120K, 0% used [0x00000000d6800000,0x00000000d6800000,0x00000000d6d00000)
 ParOldGen       total 134144K, used 133799K [0x0000000080000000, 0x0000000088300000, 0x00000000d5580000)
  object space 134144K, 99% used [0x0000000080000000,0x00000000882a9f88,0x0000000088300000)
 Metaspace       used 72804K, committed 74368K, reserved 1179648K
  class space    used 7751K, committed 8448K, reserved 1048576K
}
Event: 13.333 GC heap after
{Heap after GC invocations=67 (full 3):
 PSYoungGen      total 16896K, used 5112K [0x00000000d5580000, 0x00000000d6d00000, 0x0000000100000000)
  eden space 11776K, 0% used [0x00000000d5580000,0x00000000d5580000,0x00000000d6100000)
  from space 5120K, 99% used [0x00000000d6800000,0x00000000d6cfe2f0,0x00000000d6d00000)
  to   space 6144K, 0% used [0x00000000d6200000,0x00000000d6200000,0x00000000d6800000)
 ParOldGen       total 141312K, used 140814K [0x0000000080000000, 0x0000000088a00000, 0x00000000d5580000)
  object space 141312K, 99% used [0x0000000080000000,0x0000000088983b38,0x0000000088a00000)
 Metaspace       used 72804K, committed 74368K, reserved 1179648K
  class space    used 7751K, committed 8448K, reserved 1048576K
}

Dll operation events (12 events):
Event: 0.009 Loaded shared library c:\Users\yashw\.vscode\extensions\redhat.java-1.45.0-win32-x64\jre\21.0.8-win32-x86_64\bin\java.dll
Event: 0.078 Loaded shared library c:\Users\yashw\.vscode\extensions\redhat.java-1.45.0-win32-x64\jre\21.0.8-win32-x86_64\bin\zip.dll
Event: 0.094 Loaded shared library C:\Users\yashw\.vscode\extensions\redhat.java-1.45.0-win32-x64\jre\21.0.8-win32-x86_64\bin\instrument.dll
Event: 0.097 Loaded shared library C:\Users\yashw\.vscode\extensions\redhat.java-1.45.0-win32-x64\jre\21.0.8-win32-x86_64\bin\net.dll
Event: 0.098 Loaded shared library C:\Users\yashw\.vscode\extensions\redhat.java-1.45.0-win32-x64\jre\21.0.8-win32-x86_64\bin\nio.dll
Event: 0.101 Loaded shared library C:\Users\yashw\.vscode\extensions\redhat.java-1.45.0-win32-x64\jre\21.0.8-win32-x86_64\bin\zip.dll
Event: 0.118 Loaded shared library C:\Users\yashw\.vscode\extensions\redhat.java-1.45.0-win32-x64\jre\21.0.8-win32-x86_64\bin\jimage.dll
Event: 0.185 Loaded shared library c:\Users\yashw\.vscode\extensions\redhat.java-1.45.0-win32-x64\jre\21.0.8-win32-x86_64\bin\verify.dll
Event: 1.228 Loaded shared library C:\Users\yashw\AppData\Roaming\Code\User\globalStorage\redhat.java\1.45.0\config_win\org.eclipse.equinox.launcher\org.eclipse.equinox.launcher.win32.win32.x86_64_1.2.1400.v20250801-0854\eclipse_11916.dll
Event: 2.603 Loaded shared library C:\Users\yashw\AppData\Local\Temp\jna-114749626\jna13410045958007077917.dll
Event: 4.427 Loaded shared library C:\Users\yashw\.vscode\extensions\redhat.java-1.45.0-win32-x64\jre\21.0.8-win32-x86_64\bin\sunmscapi.dll
Event: 5.095 Loaded shared library C:\Users\yashw\.vscode\extensions\redhat.java-1.45.0-win32-x64\jre\21.0.8-win32-x86_64\bin\extnet.dll

Deoptimization events (20 events):
Event: 13.128 Thread 0x000001ed046cc330 DEOPT PACKING pc=0x000001ed2ceb5bdc sp=0x0000008f0b5fdb70
Event: 13.128 Thread 0x000001ed046cc330 DEOPT UNPACKING pc=0x000001ed2c0b3aa2 sp=0x0000008f0b5fdae0 mode 2
Event: 13.158 Thread 0x000001ed7dec8590 DEOPT PACKING pc=0x000001ed2599d096 sp=0x0000008f0fdfef20
Event: 13.158 Thread 0x000001ed7dec8590 DEOPT UNPACKING pc=0x000001ed2c0b4242 sp=0x0000008f0fdfe430 mode 0
Event: 13.180 Thread 0x000001ed046cc330 Uncommon trap: trap_request=0xffffff45 fr.pc=0x000001ed2cb98818 relative=0x0000000000001638
Event: 13.181 Thread 0x000001ed046cc330 Uncommon trap: reason=unstable_if action=reinterpret pc=0x000001ed2cb98818 method=org.eclipse.jdt.internal.compiler.util.HashtableOfType.get([C)Lorg/eclipse/jdt/internal/compiler/lookup/ReferenceBinding; @ 49 c2
Event: 13.181 Thread 0x000001ed046cc330 DEOPT PACKING pc=0x000001ed2cb98818 sp=0x0000008f0b5fd8b0
Event: 13.182 Thread 0x000001ed046cc330 DEOPT UNPACKING pc=0x000001ed2c0b3aa2 sp=0x0000008f0b5fd760 mode 2
Event: 13.211 Thread 0x000001ed046cc330 DEOPT PACKING pc=0x000001ed25a7fa72 sp=0x0000008f0b5fda20
Event: 13.211 Thread 0x000001ed046cc330 DEOPT UNPACKING pc=0x000001ed2c0b4242 sp=0x0000008f0b5fcfb8 mode 0
Event: 13.221 Thread 0x000001ed7cc00a30 Uncommon trap: trap_request=0xffffff45 fr.pc=0x000001ed2cc242a0 relative=0x0000000000002260
Event: 13.221 Thread 0x000001ed7cc00a30 Uncommon trap: reason=unstable_if action=reinterpret pc=0x000001ed2cc242a0 method=java.util.zip.ZipFile$Source.isMetaName([BII)Z @ 57 c2
Event: 13.222 Thread 0x000001ed7cc00a30 DEOPT PACKING pc=0x000001ed2cc242a0 sp=0x0000008f0b1fe000
Event: 13.222 Thread 0x000001ed7cc00a30 DEOPT UNPACKING pc=0x000001ed2c0b3aa2 sp=0x0000008f0b1fdf80 mode 2
Event: 13.295 Thread 0x000001ed7cc00a30 Uncommon trap: trap_request=0xffffff45 fr.pc=0x000001ed2c8a0dbc relative=0x000000000000017c
Event: 13.295 Thread 0x000001ed7cc00a30 Uncommon trap: reason=unstable_if action=reinterpret pc=0x000001ed2c8a0dbc method=java.util.zip.ZipFile$Source.isMetaName([BII)Z @ 57 c2
Event: 13.295 Thread 0x000001ed7cc00a30 DEOPT PACKING pc=0x000001ed2c8a0dbc sp=0x0000008f0b1fdf40
Event: 13.295 Thread 0x000001ed7cc00a30 DEOPT UNPACKING pc=0x000001ed2c0b3aa2 sp=0x0000008f0b1fded0 mode 2
Event: 13.333 Thread 0x000001ed7decb380 DEOPT PACKING pc=0x000001ed25a7fa72 sp=0x0000008f0f8fda60
Event: 13.333 Thread 0x000001ed7decb380 DEOPT UNPACKING pc=0x000001ed2c0b4242 sp=0x0000008f0f8fcfd8 mode 0

Classes loaded (20 events):
Event: 11.857 Loading class java/util/concurrent/CompletableFuture$UniApply
Event: 11.858 Loading class java/util/concurrent/CompletableFuture$UniApply done
Event: 11.859 Loading class java/util/concurrent/CompletableFuture$UniExceptionally
Event: 11.859 Loading class java/util/concurrent/CompletableFuture$UniExceptionally done
Event: 12.276 Loading class java/lang/UnsupportedClassVersionError
Event: 12.276 Loading class java/lang/UnsupportedClassVersionError done
Event: 12.381 Loading class java/util/Hashtable$KeySet
Event: 12.381 Loading class java/util/Hashtable$KeySet done
Event: 12.574 Loading class jdk/internal/event/SecurityPropertyModificationEvent
Event: 12.578 Loading class jdk/internal/event/SecurityPropertyModificationEvent done
Event: 12.768 Loading class java/util/zip/CheckedInputStream
Event: 12.768 Loading class java/util/zip/CheckedInputStream done
Event: 12.826 Loading class java/lang/Throwable$WrappedPrintWriter
Event: 12.826 Loading class java/lang/Throwable$PrintStreamOrWriter
Event: 12.827 Loading class java/lang/Throwable$PrintStreamOrWriter done
Event: 12.827 Loading class java/lang/Throwable$WrappedPrintWriter done
Event: 12.938 Loading class java/util/zip/GZIPInputStream$1
Event: 12.938 Loading class java/util/zip/GZIPInputStream$1 done
Event: 13.067 Loading class java/lang/invoke/MethodHandleImpl$CountingWrapper$1
Event: 13.074 Loading class java/lang/invoke/MethodHandleImpl$CountingWrapper$1 done

Classes unloaded (7 events):
Event: 3.138 Thread 0x000001ed219b38b0 Unloading class 0x000001ed3a1aa800 'java/lang/invoke/LambdaForm$MH+0x000001ed3a1aa800'
Event: 3.138 Thread 0x000001ed219b38b0 Unloading class 0x000001ed3a1aa400 'java/lang/invoke/LambdaForm$MH+0x000001ed3a1aa400'
Event: 3.138 Thread 0x000001ed219b38b0 Unloading class 0x000001ed3a1aa000 'java/lang/invoke/LambdaForm$MH+0x000001ed3a1aa000'
Event: 3.138 Thread 0x000001ed219b38b0 Unloading class 0x000001ed3a1a9c00 'java/lang/invoke/LambdaForm$MH+0x000001ed3a1a9c00'
Event: 3.138 Thread 0x000001ed219b38b0 Unloading class 0x000001ed3a1a9800 'java/lang/invoke/LambdaForm$BMH+0x000001ed3a1a9800'
Event: 3.138 Thread 0x000001ed219b38b0 Unloading class 0x000001ed3a1a9400 'java/lang/invoke/LambdaForm$DMH+0x000001ed3a1a9400'
Event: 3.138 Thread 0x000001ed219b38b0 Unloading class 0x000001ed3a1a8000 'java/lang/invoke/LambdaForm$DMH+0x000001ed3a1a8000'

Classes redefined (0 events):
No events

Internal exceptions (20 events):
Event: 11.850 Thread 0x000001ed05099370 Exception <a 'sun/nio/fs/WindowsException'{0x00000000d585c318}> (0x00000000d585c318) 
thrown [s\src\hotspot\share\prims\jni.cpp, line 520]
Event: 11.850 Thread 0x000001ed05099370 Exception <a 'sun/nio/fs/WindowsException'{0x00000000d585f900}> (0x00000000d585f900) 
thrown [s\src\hotspot\share\prims\jni.cpp, line 520]
Event: 11.851 Thread 0x000001ed05099370 Exception <a 'sun/nio/fs/WindowsException'{0x00000000d5860100}> (0x00000000d5860100) 
thrown [s\src\hotspot\share\prims\jni.cpp, line 520]
Event: 11.853 Thread 0x000001ed05099370 Exception <a 'java/lang/IncompatibleClassChangeError'{0x00000000d587f078}: Found class java.lang.Object, but interface was expected> (0x00000000d587f078) 
thrown [s\src\hotspot\share\interpreter\linkResolver.cpp, line 840]
Event: 11.862 Thread 0x000001ed05099370 Exception <a 'java/lang/IncompatibleClassChangeError'{0x00000000d58c8b08}: Found class java.lang.Object, but interface was expected> (0x00000000d58c8b08) 
thrown [s\src\hotspot\share\interpreter\linkResolver.cpp, line 840]
Event: 12.252 Thread 0x000001ed7cc03eb0 Exception <a 'java/lang/NoSuchMethodError'{0x00000000d5b43cc0}: 'java.lang.Object java.lang.invoke.DirectMethodHandle$Holder.invokeSpecial(java.lang.Object, java.lang.Object, int, long)'> (0x00000000d5b43cc0) 
thrown [s\src\hotspot\share\interpreter\linkResolver.cpp, line 773]
Event: 12.305 Thread 0x000001ed7cc01de0 Exception <a 'java/lang/NoSuchMethodError'{0x00000000d5d79938}: 'int java.lang.invoke.Invokers$Holder.invokeExact_MT(java.lang.Object, java.lang.Object)'> (0x00000000d5d79938) 
thrown [s\src\hotspot\share\interpreter\linkResolver.cpp, line 773]
Event: 12.351 Thread 0x000001ed05099370 Exception <a 'java/lang/IncompatibleClassChangeError'{0x00000000d5e5c8e8}: Found class java.lang.Object, but interface was expected> (0x00000000d5e5c8e8) 
thrown [s\src\hotspot\share\interpreter\linkResolver.cpp, line 840]
Event: 12.382 Thread 0x000001ed7cc01de0 Exception <a 'java/lang/IncompatibleClassChangeError'{0x00000000d6161918}: Found class java.lang.Object, but interface was expected> (0x00000000d6161918) 
thrown [s\src\hotspot\share\interpreter\linkResolver.cpp, line 840]
Event: 12.435 Thread 0x000001ed7cc00a30 Exception <a 'sun/nio/fs/WindowsException'{0x00000000d6305038}> (0x00000000d6305038) 
thrown [s\src\hotspot\share\prims\jni.cpp, line 520]
Event: 12.438 Thread 0x000001ed7cc00a30 Exception <a 'sun/nio/fs/WindowsException'{0x00000000d630cf90}> (0x00000000d630cf90) 
thrown [s\src\hotspot\share\prims\jni.cpp, line 520]
Event: 12.439 Thread 0x000001ed7cc00a30 Exception <a 'sun/nio/fs/WindowsException'{0x00000000d630e0b0}> (0x00000000d630e0b0) 
thrown [s\src\hotspot\share\prims\jni.cpp, line 520]
Event: 12.439 Thread 0x000001ed7cc00a30 Exception <a 'sun/nio/fs/WindowsException'{0x00000000d630e8b0}> (0x00000000d630e8b0) 
thrown [s\src\hotspot\share\prims\jni.cpp, line 520]
Event: 12.445 Thread 0x000001ed7cc00a30 Exception <a 'java/io/FileNotFoundException'{0x00000000d637e810}> (0x00000000d637e810) 
thrown [s\src\hotspot\share\prims\jni.cpp, line 520]
Event: 12.445 Thread 0x000001ed7cc00a30 Exception <a 'java/io/FileNotFoundException'{0x00000000d637f590}> (0x00000000d637f590) 
thrown [s\src\hotspot\share\prims\jni.cpp, line 520]
Event: 12.462 Thread 0x000001ed7cc00a30 Exception <a 'sun/nio/fs/WindowsException'{0x00000000d64570f8}> (0x00000000d64570f8) 
thrown [s\src\hotspot\share\prims\jni.cpp, line 520]
Event: 12.468 Thread 0x000001ed7cc00a30 Exception <a 'sun/nio/fs/WindowsException'{0x00000000d64578f8}> (0x00000000d64578f8) 
thrown [s\src\hotspot\share\prims\jni.cpp, line 520]
Event: 12.615 Thread 0x000001ed05099370 Exception <a 'java/lang/IncompatibleClassChangeError'{0x00000000d5678cb8}: Found class java.lang.Object, but interface was expected> (0x00000000d5678cb8) 
thrown [s\src\hotspot\share\interpreter\linkResolver.cpp, line 840]
Event: 12.625 Thread 0x000001ed7cc00a30 Exception <a 'sun/nio/fs/WindowsException'{0x00000000d56e55d0}> (0x00000000d56e55d0) 
thrown [s\src\hotspot\share\prims\jni.cpp, line 520]
Event: 12.626 Thread 0x000001ed7cc00a30 Exception <a 'sun/nio/fs/WindowsException'{0x00000000d56e6080}> (0x00000000d56e6080) 
thrown [s\src\hotspot\share\prims\jni.cpp, line 520]

ZGC Phase Switch (0 events):
No events

VM Operations (20 events):
Event: 12.561 Executing VM operation: ParallelGCFailedAllocation (Allocation Failure)
Event: 12.571 Executing VM operation: ParallelGCFailedAllocation (Allocation Failure) done
Event: 12.785 Executing VM operation: ParallelGCFailedAllocation (Allocation Failure)
Event: 12.791 Executing VM operation: ParallelGCFailedAllocation (Allocation Failure) done
Event: 12.847 Executing VM operation: ParallelGCFailedAllocation (Allocation Failure)
Event: 12.875 Executing VM operation: ParallelGCFailedAllocation (Allocation Failure) done
Event: 13.015 Executing VM operation: HandshakeAllThreads (Deoptimize)
Event: 13.015 Executing VM operation: HandshakeAllThreads (Deoptimize) done
Event: 13.057 Executing VM operation: ParallelGCFailedAllocation (Allocation Failure)
Event: 13.060 Executing VM operation: ParallelGCFailedAllocation (Allocation Failure) done
Event: 13.147 Executing VM operation: ParallelGCFailedAllocation (Allocation Failure)
Event: 13.152 Executing VM operation: ParallelGCFailedAllocation (Allocation Failure) done
Event: 13.199 Executing VM operation: ParallelGCFailedAllocation (Allocation Failure)
Event: 13.205 Executing VM operation: ParallelGCFailedAllocation (Allocation Failure) done
Event: 13.246 Executing VM operation: ParallelGCFailedAllocation (Allocation Failure)
Event: 13.254 Executing VM operation: ParallelGCFailedAllocation (Allocation Failure) done
Event: 13.255 Executing VM operation: HandshakeAllThreads (Deoptimize)
Event: 13.258 Executing VM operation: HandshakeAllThreads (Deoptimize) done
Event: 13.324 Executing VM operation: ParallelGCFailedAllocation (Allocation Failure)
Event: 13.333 Executing VM operation: ParallelGCFailedAllocation (Allocation Failure) done

Memory protections (0 events):
No events

Nmethod flushes (20 events):
Event: 7.469 Thread 0x000001ed219b38b0 flushing  nmethod 0x000001ed25612010
Event: 7.469 Thread 0x000001ed219b38b0 flushing  nmethod 0x000001ed25612490
Event: 7.469 Thread 0x000001ed219b38b0 flushing  nmethod 0x000001ed25617d10
Event: 7.469 Thread 0x000001ed219b38b0 flushing  nmethod 0x000001ed25628a90
Event: 7.469 Thread 0x000001ed219b38b0 flushing  nmethod 0x000001ed25630f10
Event: 7.469 Thread 0x000001ed219b38b0 flushing  nmethod 0x000001ed25631510
Event: 7.469 Thread 0x000001ed219b38b0 flushing  nmethod 0x000001ed25631e90
Event: 7.469 Thread 0x000001ed219b38b0 flushing  nmethod 0x000001ed25632490
Event: 7.469 Thread 0x000001ed219b38b0 flushing  nmethod 0x000001ed25633910
Event: 7.469 Thread 0x000001ed219b38b0 flushing  nmethod 0x000001ed25635d90
Event: 7.469 Thread 0x000001ed219b38b0 flushing  nmethod 0x000001ed25644b10
Event: 7.469 Thread 0x000001ed219b38b0 flushing  nmethod 0x000001ed25668490
Event: 7.469 Thread 0x000001ed219b38b0 flushing  nmethod 0x000001ed2567db90
Event: 7.469 Thread 0x000001ed219b38b0 flushing  nmethod 0x000001ed2567e190
Event: 7.469 Thread 0x000001ed219b38b0 flushing  nmethod 0x000001ed2567ea10
Event: 7.469 Thread 0x000001ed219b38b0 flushing  nmethod 0x000001ed2567ed90
Event: 7.469 Thread 0x000001ed219b38b0 flushing  nmethod 0x000001ed25680190
Event: 7.469 Thread 0x000001ed219b38b0 flushing  nmethod 0x000001ed256c1f90
Event: 7.469 Thread 0x000001ed219b38b0 flushing  nmethod 0x000001ed256e4990
Event: 7.469 Thread 0x000001ed219b38b0 flushing  nmethod 0x000001ed25708290

Events (20 events):
Event: 11.731 Thread 0x000001ed7c1c8680 Thread exited: 0x000001ed7c1c8680
Event: 11.845 Thread 0x000001ed7ab2c1c0 Thread added: 0x000001ed052eacb0
Event: 11.860 Thread 0x000001ed05099370 Thread added: 0x000001ed7c47d700
Event: 11.861 Thread 0x000001ed7c47d700 Thread added: 0x000001ed7c47e420
Event: 11.862 Thread 0x000001ed7c47e420 Thread added: 0x000001ed7c47dd90
Event: 11.864 Thread 0x000001ed05099370 Thread added: 0x000001ed7cc01de0
Event: 11.900 Thread 0x000001ed7ab2d070 Thread added: 0x000001ed052e7630
Event: 12.242 Thread 0x000001ed052e7630 Thread exited: 0x000001ed052e7630
Event: 12.242 Thread 0x000001ed052eacb0 Thread exited: 0x000001ed052eacb0
Event: 12.243 Thread 0x000001ed7a986350 Thread exited: 0x000001ed7a986350
Event: 12.357 Thread 0x000001ed7ab2d070 Thread added: 0x000001ed052eacb0
Event: 12.381 Thread 0x000001ed7a826280 Thread added: 0x000001ed052e7630
Event: 12.381 Thread 0x000001ed7a826280 Thread added: 0x000001ed052ec120
Event: 12.476 Thread 0x000001ed05099370 Thread added: 0x000001ed7decacf0
Event: 12.511 Thread 0x000001ed05099370 Thread added: 0x000001ed7decb380
Event: 12.520 Thread 0x000001ed7decb380 Thread added: 0x000001ed7dec7f00
Event: 12.529 Thread 0x000001ed7dec7f00 Thread added: 0x000001ed7decba10
Event: 12.536 Thread 0x000001ed7decba10 Thread added: 0x000001ed7dec8c20
Event: 12.561 Thread 0x000001ed7cc00a30 Thread added: 0x000001ed7deca660
Event: 12.607 Thread 0x000001ed7decba10 Thread added: 0x000001ed7dec8590


Dynamic libraries:
0x00007ff7db6e0000 - 0x00007ff7db6ee000 	c:\Users\yashw\.vscode\extensions\redhat.java-1.45.0-win32-x64\jre\21.0.8-win32-x86_64\bin\java.exe
0x00007ffae61e0000 - 0x00007ffae6449000 	C:\WINDOWS\SYSTEM32\ntdll.dll
0x00007ffae50a0000 - 0x00007ffae5169000 	C:\WINDOWS\System32\KERNEL32.DLL
0x00007ffae3bb0000 - 0x00007ffae3fa3000 	C:\WINDOWS\System32\KERNELBASE.dll
0x00007ffae3a60000 - 0x00007ffae3bab000 	C:\WINDOWS\System32\ucrtbase.dll
0x00007ffaafc80000 - 0x00007ffaafc98000 	c:\Users\yashw\.vscode\extensions\redhat.java-1.45.0-win32-x64\jre\21.0.8-win32-x86_64\bin\jli.dll
0x00007ffaab410000 - 0x00007ffaab42e000 	c:\Users\yashw\.vscode\extensions\redhat.java-1.45.0-win32-x64\jre\21.0.8-win32-x86_64\bin\VCRUNTIME140.dll
0x00007ffae4170000 - 0x00007ffae4334000 	C:\WINDOWS\System32\USER32.dll
0x00007ffae3a30000 - 0x00007ffae3a57000 	C:\WINDOWS\System32\win32u.dll
0x00007ffae4a50000 - 0x00007ffae4a7b000 	C:\WINDOWS\System32\GDI32.dll
0x00007ffae3620000 - 0x00007ffae374d000 	C:\WINDOWS\System32\gdi32full.dll
0x00007ffabfad0000 - 0x00007ffabfd63000 	C:\WINDOWS\WinSxS\amd64_microsoft.windows.common-controls_6595b64144ccf1df_6.0.26100.5074_none_3e0d6f78e32fd63f\COMCTL32.dll
0x00007ffae3370000 - 0x00007ffae3413000 	C:\WINDOWS\System32\msvcp_win.dll
0x00007ffae51c0000 - 0x00007ffae5269000 	C:\WINDOWS\System32\msvcrt.dll
0x00007ffae4f20000 - 0x00007ffae4f4f000 	C:\WINDOWS\System32\IMM32.DLL
0x00007ffac81d0000 - 0x00007ffac81dc000 	c:\Users\yashw\.vscode\extensions\redhat.java-1.45.0-win32-x64\jre\21.0.8-win32-x86_64\bin\vcruntime140_1.dll
0x00007ffa6dad0000 - 0x00007ffa6db5d000 	c:\Users\yashw\.vscode\extensions\redhat.java-1.45.0-win32-x64\jre\21.0.8-win32-x86_64\bin\msvcp140.dll
0x00007ffa25740000 - 0x00007ffa264d7000 	c:\Users\yashw\.vscode\extensions\redhat.java-1.45.0-win32-x64\jre\21.0.8-win32-x86_64\bin\server\jvm.dll
0x00007ffae4f60000 - 0x00007ffae5014000 	C:\WINDOWS\System32\ADVAPI32.dll
0x00007ffae40c0000 - 0x00007ffae4166000 	C:\WINDOWS\System32\sechost.dll
0x00007ffae46c0000 - 0x00007ffae47d8000 	C:\WINDOWS\System32\RPCRT4.dll
0x00007ffae5020000 - 0x00007ffae5094000 	C:\WINDOWS\System32\WS2_32.dll
0x00007ffad9120000 - 0x00007ffad9155000 	C:\WINDOWS\SYSTEM32\WINMM.dll
0x00007ffad0550000 - 0x00007ffad055b000 	C:\WINDOWS\SYSTEM32\VERSION.dll
0x00007ffae31d0000 - 0x00007ffae322e000 	C:\WINDOWS\SYSTEM32\POWRPROF.dll
0x00007ffae31a0000 - 0x00007ffae31b4000 	C:\WINDOWS\SYSTEM32\UMPDC.dll
0x00007ffae2150000 - 0x00007ffae216b000 	C:\WINDOWS\SYSTEM32\kernel.appcore.dll
0x00007ffaab5c0000 - 0x00007ffaab5ca000 	c:\Users\yashw\.vscode\extensions\redhat.java-1.45.0-win32-x64\jre\21.0.8-win32-x86_64\bin\jimage.dll
0x00007ffae0b80000 - 0x00007ffae0dc2000 	C:\WINDOWS\SYSTEM32\DBGHELP.DLL
0x00007ffae4340000 - 0x00007ffae46bb000 	C:\WINDOWS\System32\combase.dll
0x00007ffae4b30000 - 0x00007ffae4c07000 	C:\WINDOWS\System32\OLEAUT32.dll
0x00007ffabb550000 - 0x00007ffabb58d000 	C:\WINDOWS\SYSTEM32\dbgcore.DLL
0x00007ffae3750000 - 0x00007ffae37e9000 	C:\WINDOWS\System32\bcryptPrimitives.dll
0x00007ffaa2b30000 - 0x00007ffaa2b3f000 	c:\Users\yashw\.vscode\extensions\redhat.java-1.45.0-win32-x64\jre\21.0.8-win32-x86_64\bin\instrument.dll
0x00007ffa9a750000 - 0x00007ffa9a76f000 	c:\Users\yashw\.vscode\extensions\redhat.java-1.45.0-win32-x64\jre\21.0.8-win32-x86_64\bin\java.dll
0x00007ffae5370000 - 0x00007ffae5abd000 	C:\WINDOWS\System32\SHELL32.dll
0x00007ffae3420000 - 0x00007ffae358c000 	C:\WINDOWS\System32\wintypes.dll
0x00007ffae0fb0000 - 0x00007ffae1809000 	C:\WINDOWS\SYSTEM32\windows.storage.dll
0x00007ffae60a0000 - 0x00007ffae6190000 	C:\WINDOWS\System32\SHCORE.dll
0x00007ffae5280000 - 0x00007ffae52e2000 	C:\WINDOWS\System32\shlwapi.dll
0x00007ffae3290000 - 0x00007ffae32b9000 	C:\WINDOWS\SYSTEM32\profapi.dll
0x00007ffa99e00000 - 0x00007ffa99e18000 	c:\Users\yashw\.vscode\extensions\redhat.java-1.45.0-win32-x64\jre\21.0.8-win32-x86_64\bin\zip.dll
0x00007ffaa2b20000 - 0x00007ffaa2b30000 	C:\Users\yashw\.vscode\extensions\redhat.java-1.45.0-win32-x64\jre\21.0.8-win32-x86_64\bin\net.dll
0x00007ffad96e0000 - 0x00007ffad97ff000 	C:\WINDOWS\SYSTEM32\WINHTTP.dll
0x00007ffae26d0000 - 0x00007ffae273b000 	C:\WINDOWS\system32\mswsock.dll
0x00007ffa78e60000 - 0x00007ffa78e76000 	C:\Users\yashw\.vscode\extensions\redhat.java-1.45.0-win32-x64\jre\21.0.8-win32-x86_64\bin\nio.dll
0x00007ffa9b100000 - 0x00007ffa9b110000 	c:\Users\yashw\.vscode\extensions\redhat.java-1.45.0-win32-x64\jre\21.0.8-win32-x86_64\bin\verify.dll
0x00007ffa724e0000 - 0x00007ffa72524000 	C:\Users\yashw\AppData\Roaming\Code\User\globalStorage\redhat.java\1.45.0\config_win\org.eclipse.equinox.launcher\org.eclipse.equinox.launcher.win32.win32.x86_64_1.2.1400.v20250801-0854\eclipse_11916.dll
0x00007ffae4d80000 - 0x00007ffae4f18000 	C:\WINDOWS\System32\ole32.dll
0x00007ffae2970000 - 0x00007ffae298b000 	C:\WINDOWS\SYSTEM32\CRYPTSP.dll
0x00007ffae20b0000 - 0x00007ffae20eb000 	C:\WINDOWS\system32\rsaenh.dll
0x00007ffae2770000 - 0x00007ffae279b000 	C:\WINDOWS\SYSTEM32\USERENV.dll
0x00007ffae3260000 - 0x00007ffae3286000 	C:\WINDOWS\SYSTEM32\bcrypt.dll
0x00007ffae2990000 - 0x00007ffae299c000 	C:\WINDOWS\SYSTEM32\CRYPTBASE.dll
0x00007ffae1c00000 - 0x00007ffae1c34000 	C:\WINDOWS\SYSTEM32\IPHLPAPI.DLL
0x00007ffae4c10000 - 0x00007ffae4c1a000 	C:\WINDOWS\System32\NSI.dll
0x00007ffa6e9c0000 - 0x00007ffa6ea09000 	C:\Users\yashw\AppData\Local\Temp\jna-114749626\jna13410045958007077917.dll
0x00007ffae3fb0000 - 0x00007ffae3fb8000 	C:\WINDOWS\System32\PSAPI.DLL
0x00007ffadb000000 - 0x00007ffadb01e000 	C:\WINDOWS\SYSTEM32\dhcpcsvc6.DLL
0x00007ffadafd0000 - 0x00007ffadaff3000 	C:\WINDOWS\SYSTEM32\dhcpcsvc.DLL
0x00007ffa99e40000 - 0x00007ffa99e4e000 	C:\Users\yashw\.vscode\extensions\redhat.java-1.45.0-win32-x64\jre\21.0.8-win32-x86_64\bin\sunmscapi.dll
0x00007ffae37f0000 - 0x00007ffae3967000 	C:\WINDOWS\System32\CRYPT32.dll
0x00007ffae2b90000 - 0x00007ffae2bc0000 	C:\WINDOWS\SYSTEM32\ncrypt.dll
0x00007ffae2b40000 - 0x00007ffae2b7f000 	C:\WINDOWS\SYSTEM32\NTASN1.dll
0x00007ffae1c40000 - 0x00007ffae1d66000 	C:\WINDOWS\SYSTEM32\DNSAPI.dll
0x00007ffad9110000 - 0x00007ffad911b000 	C:\Windows\System32\rasadhlp.dll
0x00007ffadb1f0000 - 0x00007ffadb276000 	C:\WINDOWS\System32\fwpuclnt.dll
0x00007ffa91050000 - 0x00007ffa91059000 	C:\Users\yashw\.vscode\extensions\redhat.java-1.45.0-win32-x64\jre\21.0.8-win32-x86_64\bin\extnet.dll

JVMTI agents:
c:\Users\yashw\.vscode\extensions\redhat.java-1.45.0-win32-x64\lombok\lombok-1.18.39-4050.jar path:c:\Users\yashw\.vscode\extensions\redhat.java-1.45.0-win32-x64\jre\21.0.8-win32-x86_64\bin\instrument.dll, loaded, initialized, instrumentlib options:none

dbghelp: loaded successfully - version: 4.0.5 - missing functions: none
symbol engine: initialized successfully - sym options: 0x614 - pdb path: .;c:\Users\yashw\.vscode\extensions\redhat.java-1.45.0-win32-x64\jre\21.0.8-win32-x86_64\bin;C:\WINDOWS\SYSTEM32;C:\WINDOWS\WinSxS\amd64_microsoft.windows.common-controls_6595b64144ccf1df_6.0.26100.5074_none_3e0d6f78e32fd63f;c:\Users\yashw\.vscode\extensions\redhat.java-1.45.0-win32-x64\jre\21.0.8-win32-x86_64\bin\server;C:\Users\yashw\AppData\Roaming\Code\User\globalStorage\redhat.java\1.45.0\config_win\org.eclipse.equinox.launcher\org.eclipse.equinox.launcher.win32.win32.x86_64_1.2.1400.v20250801-0854;C:\Users\yashw\AppData\Local\Temp\jna-114749626

VM Arguments:
jvm_args: --add-modules=ALL-SYSTEM --add-opens=java.base/java.util=ALL-UNNAMED --add-opens=java.base/java.lang=ALL-UNNAMED --add-opens=java.base/sun.nio.fs=ALL-UNNAMED -Declipse.application=org.eclipse.jdt.ls.core.id1 -Dosgi.bundles.defaultStartLevel=4 -Declipse.product=org.eclipse.jdt.ls.core.product -Djava.import.generatesMetadataFilesAtProjectRoot=false -DDetectVMInstallationsJob.disabled=true -Dfile.encoding=utf8 -XX:+UseParallelGC -XX:GCTimeRatio=4 -XX:AdaptiveSizePolicyWeight=90 -Dsun.zip.disableMemoryMapping=true -Xmx2G -Xms100m -Xlog:disable -javaagent:c:\Users\yashw\.vscode\extensions\redhat.java-1.45.0-win32-x64\lombok\lombok-1.18.39-4050.jar -XX:+HeapDumpOnOutOfMemoryError -XX:HeapDumpPath=c:\Users\yashw\AppData\Roaming\Code\User\workspaceStorage\587402c47306005fa7d2fe3c6892794a\redhat.java -Daether.dependencyCollector.impl=bf 
java_command: c:\Users\yashw\.vscode\extensions\redhat.java-1.45.0-win32-x64\server\plugins\org.eclipse.equinox.launcher_1.7.0.v20250519-0528.jar -configuration c:\Users\yashw\AppData\Roaming\Code\User\globalStorage\redhat.java\1.45.0\config_win -data c:\Users\yashw\AppData\Roaming\Code\User\workspaceStorage\587402c47306005fa7d2fe3c6892794a\redhat.java\jdt_ws --pipe=\\.\pipe\lsp-ba741369dd25b2803f72db2723c7bb83-sock
java_class_path (initial): c:\Users\yashw\.vscode\extensions\redhat.java-1.45.0-win32-x64\server\plugins\org.eclipse.equinox.launcher_1.7.0.v20250519-0528.jar
Launcher Type: SUN_STANDARD

[Global flags]
    uintx AdaptiveSizePolicyWeight                 = 90                                        {product} {command line}
     intx CICompilerCount                          = 12                                        {product} {ergonomic}
    uintx GCTimeRatio                              = 4                                         {product} {command line}
     bool HeapDumpOnOutOfMemoryError               = true                                   {manageable} {command line}
    ccstr HeapDumpPath                             = c:\Users\yashw\AppData\Roaming\Code\User\workspaceStorage\587402c47306005fa7d2fe3c6892794a\redhat.java         {manageable} {command line}
   size_t InitialHeapSize                          = 104857600                                 {product} {command line}
   size_t MaxHeapSize                              = 2147483648                                {product} {command line}
   size_t MaxNewSize                               = 715653120                                 {product} {ergonomic}
   size_t MinHeapDeltaBytes                        = 524288                                    {product} {ergonomic}
   size_t MinHeapSize                              = 104857600                                 {product} {command line}
   size_t NewSize                                  = 34603008                                  {product} {ergonomic}
    uintx NonNMethodCodeHeapSize                   = 7602480                                {pd product} {ergonomic}
    uintx NonProfiledCodeHeapSize                  = 122027880                              {pd product} {ergonomic}
   size_t OldSize                                  = 70254592                                  {product} {ergonomic}
    uintx ProfiledCodeHeapSize                     = 122027880                              {pd product} {ergonomic}
    uintx ReservedCodeCacheSize                    = 251658240                              {pd product} {ergonomic}
     bool SegmentedCodeCache                       = true                                      {product} {ergonomic}
   size_t SoftMaxHeapSize                          = 2147483648                             {manageable} {ergonomic}
     bool UseCompressedOops                        = true                           {product lp64_product} {ergonomic}
     bool UseLargePagesIndividualAllocation        = false                                  {pd product} {ergonomic}
     bool UseParallelGC                            = true                                      {product} {command line}

Logging:
Log output configuration:
 #0: stdout all=off uptime,level,tags foldmultilines=false
 #1: stderr all=off uptime,level,tags foldmultilines=false

Environment Variables:
JAVA_HOME=C:\Users\yashw\AppData\Local\Programs\Eclipse Adoptium\jdk-17.0.10.7-hotspot\
PATH=C:\Python313\Scripts\;C:\Python313\;c:\Users\yashw\AppData\Local\Programs\cursor\resources\app\bin;C:\windows\system32;C:\windows;C:\windows\System32\Wbem;C:\windows\System32\WindowsPowerShell\v1.0\;C:\windows\System32\OpenSSH\;C:\Program Files\dotnet\;C:\Program Files\Git\cmd;C:\Users\yashw\AppData\Local\Programs\Eclipse Adoptium\jdk-17.0.10.7-hotspot\bin;C:\Users\yashw\AppData\Local\Programs\Python\Python312\Scripts\;C:\Users\yashw\AppData\Local\Programs\Python\Python312\;C:\Users\yashw\AppData\Local\Microsoft\WindowsApps;C:\Program Files\JetBrains\IntelliJ IDEA Community Edition 2024.3\bin;;C:\ProgramData\chocolatey\bin;D:\gandu\;C:\Program Files\Docker\Docker\resources\bin;C:\WINDOWS\system32;C:\WINDOWS;C:\WINDOWS\System32\Wbem;C:\WINDOWS\System32\WindowsPowerShell\v1.0\;C:\WINDOWS\System32\OpenSSH\;C:\Users\yashw\AppData\Local\Programs\Eclipse Adoptium\jdk-17.0.10.7-hotspot\bin;C:\Users\yashw\AppData\Local\Programs\Python\Python312\Scripts\;C:\Users\yashw\AppData\Local\Programs\Python\Python312\;C:\Users\yashw\AppData\Local\Microsoft\WindowsApps;C:\Users\yashw\AppData\Local\Programs\Microsoft VS Code\bin;C:\Program Files\JetBrains\IntelliJ IDEA Community Edition 2024.3\bin;;C:\Users\yashw\AppData\Roaming\npm;D:\cursor\resources\app\bin
USERNAME=yashw
OS=Windows_NT
PROCESSOR_IDENTIFIER=Intel64 Family 6 Model 154 Stepping 3, GenuineIntel
TMP=C:\Users\yashw\AppData\Local\Temp
TEMP=C:\Users\yashw\AppData\Local\Temp




Periodic native trim disabled

---------------  S Y S T E M  ---------------

OS:
 Windows 11 , 64 bit Build 26100 (10.0.26100.5074)
OS uptime: 4 days 21:02 hours
Hyper-V role detected

CPU: total 16 (initial active 16) (8 cores per cpu, 2 threads per core) family 6 model 154 stepping 3 microcode 0x42c, cx8, cmov, fxsr, ht, mmx, 3dnowpref, sse, sse2, sse3, ssse3, sse4.1, sse4.2, popcnt, lzcnt, tsc, tscinvbit, avx, avx2, aes, erms, clmul, bmi1, bmi2, adx, sha, fma, vzeroupper, clflush, clflushopt, clwb, hv, serialize, rdtscp, rdpid, fsrm, f16c, cet_ibt, cet_ss
Processor Information for processor 0
  Max Mhz: 1700, Current Mhz: 1700, Mhz Limit: 1700
Processor Information for processor 1
  Max Mhz: 1700, Current Mhz: 1700, Mhz Limit: 1700
Processor Information for processor 2
  Max Mhz: 1700, Current Mhz: 1700, Mhz Limit: 1700
Processor Information for processor 3
  Max Mhz: 1700, Current Mhz: 1700, Mhz Limit: 1700
Processor Information for processor 4
  Max Mhz: 1700, Current Mhz: 1700, Mhz Limit: 1700
Processor Information for processor 5
  Max Mhz: 1700, Current Mhz: 1700, Mhz Limit: 1700
Processor Information for processor 6
  Max Mhz: 1700, Current Mhz: 1700, Mhz Limit: 1700
Processor Information for processor 7
  Max Mhz: 1700, Current Mhz: 1700, Mhz Limit: 1700
Processor Information for processor 8
  Max Mhz: 1700, Current Mhz: 1200, Mhz Limit: 1190
Processor Information for processor 9
  Max Mhz: 1700, Current Mhz: 1200, Mhz Limit: 1190
Processor Information for processor 10
  Max Mhz: 1700, Current Mhz: 1200, Mhz Limit: 1190
Processor Information for processor 11
  Max Mhz: 1700, Current Mhz: 1200, Mhz Limit: 1190
Processor Information for processor 12
  Max Mhz: 1700, Current Mhz: 1200, Mhz Limit: 1190
Processor Information for processor 13
  Max Mhz: 1700, Current Mhz: 1200, Mhz Limit: 1190
Processor Information for processor 14
  Max Mhz: 1700, Current Mhz: 1200, Mhz Limit: 1190
Processor Information for processor 15
  Max Mhz: 1700, Current Mhz: 1200, Mhz Limit: 1190

Memory: 4k page, system-wide physical 16052M (673M free)
TotalPageFile size 38460M (AvailPageFile size 10M)
current process WorkingSet (physical memory assigned to process): 459M, peak: 459M
current process commit charge ("private bytes"): 550M, peak: 550M

vm_info: OpenJDK 64-Bit Server VM (21.0.8+9-LTS) for windows-amd64 JRE (21.0.8+9-LTS), built on 2025-07-15T00:00:00Z by "admin" with MS VC++ 17.7 (VS2022)

END.
